{"C:\\Users\\oranb\\Desktop\\Studies\\Fourth year\\Full_Stack_Course\\project\\Full_Stack_Course_Backend\\src\\Server.ts": {"path":"C:\\Users\\oranb\\Desktop\\Studies\\Fourth year\\Full_Stack_Course\\project\\Full_Stack_Course_Backend\\src\\Server.ts","statementMap":{"0":{"start":{"line":1,"column":0},"end":{"line":1,"column":43}},"1":{"start":{"line":2,"column":12},"end":{"line":2,"column":21}},"2":{"start":{"line":3,"column":0},"end":{"line":3,"column":28}},"3":{"start":{"line":4,"column":0},"end":{"line":4,"column":16}},"4":{"start":{"line":5,"column":0},"end":{"line":5,"column":32}},"5":{"start":{"line":6,"column":0},"end":{"line":6,"column":50}},"6":{"start":{"line":7,"column":0},"end":{"line":7,"column":44}},"7":{"start":{"line":8,"column":0},"end":{"line":8,"column":44}},"8":{"start":{"line":9,"column":0},"end":{"line":9,"column":37}},"9":{"start":{"line":10,"column":0},"end":{"line":10,"column":44}},"10":{"start":{"line":11,"column":0},"end":{"line":11,"column":44}},"11":{"start":{"line":12,"column":0},"end":{"line":12,"column":44}},"12":{"start":{"line":14,"column":16},"end":{"line":34,"column":1}},"13":{"start":{"line":15,"column":18},"end":{"line":32,"column":4}},"14":{"start":{"line":16,"column":15},"end":{"line":16,"column":34}},"15":{"start":{"line":17,"column":4},"end":{"line":17,"column":46}},"16":{"start":{"line":17,"column":28},"end":{"line":17,"column":44}},"17":{"start":{"line":18,"column":4},"end":{"line":18,"column":61}},"18":{"start":{"line":18,"column":26},"end":{"line":18,"column":59}},"19":{"start":{"line":19,"column":4},"end":{"line":31,"column":7}},"20":{"start":{"line":20,"column":6},"end":{"line":20,"column":33}},"21":{"start":{"line":21,"column":6},"end":{"line":21,"column":57}},"22":{"start":{"line":22,"column":6},"end":{"line":22,"column":40}},"23":{"start":{"line":23,"column":6},"end":{"line":23,"column":34}},"24":{"start":{"line":24,"column":6},"end":{"line":24,"column":34}},"25":{"start":{"line":25,"column":6},"end":{"line":25,"column":34}},"26":{"start":{"line":26,"column":6},"end":{"line":26,"column":34}},"27":{"start":{"line":27,"column":6},"end":{"line":27,"column":34}},"28":{"start":{"line":28,"column":6},"end":{"line":28,"column":53}},"29":{"start":{"line":30,"column":6},"end":{"line":30,"column":19}},"30":{"start":{"line":33,"column":2},"end":{"line":33,"column":17}},"31":{"start":{"line":36,"column":0},"end":{"line":36,"column":23}}},"fnMap":{"0":{"name":"(anonymous_1)","decl":{"start":{"line":14,"column":16},"end":{"line":14,"column":19}},"loc":{"start":{"line":14,"column":21},"end":{"line":34,"column":1}}},"1":{"name":"(anonymous_2)","decl":{"start":{"line":15,"column":39},"end":{"line":15,"column":40}},"loc":{"start":{"line":15,"column":51},"end":{"line":32,"column":3}}},"2":{"name":"(anonymous_3)","decl":{"start":{"line":17,"column":19},"end":{"line":17,"column":20}},"loc":{"start":{"line":17,"column":28},"end":{"line":17,"column":44}}},"3":{"name":"(anonymous_4)","decl":{"start":{"line":18,"column":20},"end":{"line":18,"column":23}},"loc":{"start":{"line":18,"column":26},"end":{"line":18,"column":59}}},"4":{"name":"(anonymous_5)","decl":{"start":{"line":19,"column":52},"end":{"line":19,"column":55}},"loc":{"start":{"line":19,"column":57},"end":{"line":31,"column":5}}}},"branchMap":{},"s":{"0":1,"1":1,"2":1,"3":1,"4":1,"5":1,"6":1,"7":1,"8":1,"9":1,"10":1,"11":1,"12":1,"13":1,"14":1,"15":1,"16":0,"17":1,"18":1,"19":1,"20":1,"21":1,"22":1,"23":1,"24":1,"25":1,"26":1,"27":1,"28":1,"29":1,"30":1,"31":1},"f":{"0":1,"1":1,"2":0,"3":1,"4":1},"b":{}}
,"C:\\Users\\oranb\\Desktop\\Studies\\Fourth year\\Full_Stack_Course\\project\\Full_Stack_Course_Backend\\src\\common\\auth_middleware.ts": {"path":"C:\\Users\\oranb\\Desktop\\Studies\\Fourth year\\Full_Stack_Course\\project\\Full_Stack_Course_Backend\\src\\common\\auth_middleware.ts","statementMap":{"0":{"start":{"line":2,"column":0},"end":{"line":2,"column":31}},"1":{"start":{"line":5,"column":23},"end":{"line":27,"column":2}},"2":{"start":{"line":9,"column":4},"end":{"line":27,"column":2}},"3":{"start":{"line":10,"column":2},"end":{"line":10,"column":33}},"4":{"start":{"line":12,"column":21},"end":{"line":12,"column":49}},"5":{"start":{"line":14,"column":16},"end":{"line":14,"column":54}},"6":{"start":{"line":16,"column":2},"end":{"line":18,"column":3}},"7":{"start":{"line":17,"column":4},"end":{"line":17,"column":49}},"8":{"start":{"line":20,"column":2},"end":{"line":26,"column":5}},"9":{"start":{"line":21,"column":4},"end":{"line":23,"column":5}},"10":{"start":{"line":22,"column":6},"end":{"line":22,"column":51}},"11":{"start":{"line":24,"column":4},"end":{"line":24,"column":25}},"12":{"start":{"line":25,"column":4},"end":{"line":25,"column":11}},"13":{"start":{"line":29,"column":0},"end":{"line":29,"column":30}}},"fnMap":{"0":{"name":"(anonymous_8)","decl":{"start":{"line":5,"column":23},"end":{"line":5,"column":null}},"loc":{"start":{"line":9,"column":4},"end":{"line":27,"column":2}}},"1":{"name":"(anonymous_9)","decl":{"start":{"line":9,"column":4},"end":{"line":9,"column":null}},"loc":{"start":{"line":9,"column":4},"end":{"line":27,"column":1}}},"2":{"name":"(anonymous_10)","decl":{"start":{"line":20,"column":46},"end":{"line":20,"column":47}},"loc":{"start":{"line":20,"column":60},"end":{"line":26,"column":3}}}},"branchMap":{"0":{"loc":{"start":{"line":14,"column":16},"end":{"line":14,"column":54}},"type":"binary-expr","locations":[{"start":{"line":14,"column":16},"end":{"line":14,"column":26}},{"start":{"line":14,"column":30},"end":{"line":14,"column":54}}]},"1":{"loc":{"start":{"line":16,"column":2},"end":{"line":18,"column":3}},"type":"if","locations":[{"start":{"line":16,"column":2},"end":{"line":18,"column":3}}]},"2":{"loc":{"start":{"line":21,"column":4},"end":{"line":23,"column":5}},"type":"if","locations":[{"start":{"line":21,"column":4},"end":{"line":23,"column":5}}]}},"s":{"0":1,"1":1,"2":4,"3":4,"4":4,"5":4,"6":4,"7":0,"8":4,"9":4,"10":0,"11":4,"12":4,"13":1},"f":{"0":4,"1":4,"2":4},"b":{"0":[4,4],"1":[0],"2":[0]}}
,"C:\\Users\\oranb\\Desktop\\Studies\\Fourth year\\Full_Stack_Course\\project\\Full_Stack_Course_Backend\\src\\controllers\\auth_controller.ts": {"path":"C:\\Users\\oranb\\Desktop\\Studies\\Fourth year\\Full_Stack_Course\\project\\Full_Stack_Course_Backend\\src\\controllers\\auth_controller.ts","statementMap":{"0":{"start":{"line":2,"column":0},"end":{"line":2,"column":40}},"1":{"start":{"line":3,"column":0},"end":{"line":3,"column":28}},"2":{"start":{"line":4,"column":0},"end":{"line":4,"column":31}},"3":{"start":{"line":5,"column":0},"end":{"line":5,"column":20}},"4":{"start":{"line":6,"column":0},"end":{"line":6,"column":24}},"5":{"start":{"line":8,"column":0},"end":{"line":8,"column":51}},"6":{"start":{"line":9,"column":0},"end":{"line":9,"column":28}},"7":{"start":{"line":10,"column":15},"end":{"line":11,"column":null}},"8":{"start":{"line":14,"column":17},"end":{"line":58,"column":2}},"9":{"start":{"line":14,"column":55},"end":{"line":58,"column":2}},"10":{"start":{"line":15,"column":2},"end":{"line":15,"column":56}},"11":{"start":{"line":16,"column":16},"end":{"line":16,"column":30}},"12":{"start":{"line":17,"column":19},"end":{"line":17,"column":36}},"13":{"start":{"line":18,"column":17},"end":{"line":18,"column":32}},"14":{"start":{"line":19,"column":19},"end":{"line":19,"column":32}},"15":{"start":{"line":21,"column":2},"end":{"line":23,"column":3}},"16":{"start":{"line":22,"column":4},"end":{"line":22,"column":61}},"17":{"start":{"line":25,"column":2},"end":{"line":57,"column":3}},"18":{"start":{"line":26,"column":17},"end":{"line":26,"column":53}},"19":{"start":{"line":28,"column":4},"end":{"line":42,"column":5}},"20":{"start":{"line":29,"column":23},"end":{"line":33,"column":null}},"21":{"start":{"line":35,"column":6},"end":{"line":40,"column":7}},"22":{"start":{"line":36,"column":8},"end":{"line":36,"column":32}},"23":{"start":{"line":37,"column":8},"end":{"line":37,"column":69}},"24":{"start":{"line":39,"column":8},"end":{"line":39,"column":56}},"25":{"start":{"line":41,"column":6},"end":{"line":41,"column":57}},"26":{"start":{"line":43,"column":17},"end":{"line":43,"column":41}},"27":{"start":{"line":44,"column":27},"end":{"line":44,"column":60}},"28":{"start":{"line":46,"column":20},"end":{"line":51,"column":6}},"29":{"start":{"line":53,"column":4},"end":{"line":53,"column":41}},"30":{"start":{"line":55,"column":4},"end":{"line":55,"column":23}},"31":{"start":{"line":56,"column":4},"end":{"line":56,"column":47}},"32":{"start":{"line":61,"column":23},"end":{"line":84,"column":1}},"33":{"start":{"line":64,"column":22},"end":{"line":71,"column":null}},"34":{"start":{"line":74,"column":23},"end":{"line":77,"column":null}},"35":{"start":{"line":80,"column":2},"end":{"line":83,"column":4}},"36":{"start":{"line":86,"column":14},"end":{"line":124,"column":2}},"37":{"start":{"line":86,"column":52},"end":{"line":124,"column":2}},"38":{"start":{"line":87,"column":2},"end":{"line":87,"column":23}},"39":{"start":{"line":89,"column":16},"end":{"line":89,"column":30}},"40":{"start":{"line":90,"column":19},"end":{"line":90,"column":36}},"41":{"start":{"line":92,"column":2},"end":{"line":94,"column":3}},"42":{"start":{"line":93,"column":4},"end":{"line":93,"column":61}},"43":{"start":{"line":96,"column":2},"end":{"line":123,"column":3}},"44":{"start":{"line":97,"column":17},"end":{"line":97,"column":53}},"45":{"start":{"line":99,"column":4},"end":{"line":101,"column":5}},"46":{"start":{"line":100,"column":6},"end":{"line":100,"column":63}},"47":{"start":{"line":103,"column":18},"end":{"line":103,"column":63}},"48":{"start":{"line":104,"column":4},"end":{"line":106,"column":5}},"49":{"start":{"line":105,"column":6},"end":{"line":105,"column":63}},"50":{"start":{"line":108,"column":42},"end":{"line":108,"column":77}},"51":{"start":{"line":110,"column":4},"end":{"line":114,"column":5}},"52":{"start":{"line":111,"column":6},"end":{"line":111,"column":35}},"53":{"start":{"line":113,"column":6},"end":{"line":113,"column":37}},"54":{"start":{"line":115,"column":4},"end":{"line":115,"column":22}},"55":{"start":{"line":116,"column":4},"end":{"line":119,"column":7}},"56":{"start":{"line":121,"column":4},"end":{"line":121,"column":23}},"57":{"start":{"line":122,"column":4},"end":{"line":122,"column":47}},"58":{"start":{"line":126,"column":20},"end":{"line":151,"column":2}},"59":{"start":{"line":126,"column":39},"end":{"line":151,"column":2}},"60":{"start":{"line":127,"column":23},"end":{"line":127,"column":31}},"61":{"start":{"line":129,"column":2},"end":{"line":150,"column":3}},"62":{"start":{"line":130,"column":19},"end":{"line":134,"column":6}},"63":{"start":{"line":135,"column":20},"end":{"line":135,"column":39}},"64":{"start":{"line":137,"column":15},"end":{"line":137,"column":59}},"65":{"start":{"line":138,"column":4},"end":{"line":144,"column":5}},"66":{"start":{"line":139,"column":6},"end":{"line":143,"column":9}},"67":{"start":{"line":146,"column":19},"end":{"line":146,"column":54}},"68":{"start":{"line":147,"column":4},"end":{"line":147,"column":33}},"69":{"start":{"line":149,"column":4},"end":{"line":149,"column":58}},"70":{"start":{"line":153,"column":15},"end":{"line":177,"column":2}},"71":{"start":{"line":153,"column":34},"end":{"line":177,"column":2}},"72":{"start":{"line":154,"column":2},"end":{"line":154,"column":24}},"73":{"start":{"line":155,"column":2},"end":{"line":176,"column":3}},"74":{"start":{"line":156,"column":17},"end":{"line":156,"column":55}},"75":{"start":{"line":157,"column":4},"end":{"line":159,"column":5}},"76":{"start":{"line":158,"column":6},"end":{"line":158,"column":65}},"77":{"start":{"line":160,"column":25},"end":{"line":160,"column":46}},"78":{"start":{"line":161,"column":4},"end":{"line":163,"column":5}},"79":{"start":{"line":162,"column":6},"end":{"line":162,"column":75}},"80":{"start":{"line":165,"column":4},"end":{"line":167,"column":6}},"81":{"start":{"line":166,"column":17},"end":{"line":166,"column":52}},"82":{"start":{"line":168,"column":4},"end":{"line":168,"column":22}},"83":{"start":{"line":169,"column":4},"end":{"line":169,"column":77}},"84":{"start":{"line":171,"column":4},"end":{"line":171,"column":42}},"85":{"start":{"line":172,"column":4},"end":{"line":175,"column":7}},"86":{"start":{"line":179,"column":16},"end":{"line":230,"column":2}},"87":{"start":{"line":179,"column":54},"end":{"line":230,"column":2}},"88":{"start":{"line":181,"column":27},"end":{"line":181,"column":48}},"89":{"start":{"line":183,"column":2},"end":{"line":185,"column":3}},"90":{"start":{"line":184,"column":4},"end":{"line":184,"column":49}},"91":{"start":{"line":188,"column":2},"end":{"line":229,"column":4}},"92":{"start":{"line":191,"column":45},"end":{"line":228,"column":null}},"93":{"start":{"line":192,"column":6},"end":{"line":194,"column":7}},"94":{"start":{"line":193,"column":8},"end":{"line":193,"column":53}},"95":{"start":{"line":196,"column":6},"end":{"line":227,"column":7}},"96":{"start":{"line":197,"column":21},"end":{"line":197,"column":54}},"97":{"start":{"line":198,"column":8},"end":{"line":207,"column":9}},"98":{"start":{"line":203,"column":10},"end":{"line":203,"column":27}},"99":{"start":{"line":204,"column":10},"end":{"line":204,"column":28}},"100":{"start":{"line":206,"column":10},"end":{"line":206,"column":55}},"101":{"start":{"line":210,"column":46},"end":{"line":211,"column":null}},"102":{"start":{"line":215,"column":8},"end":{"line":215,"column":79}},"103":{"start":{"line":215,"column":52},"end":{"line":215,"column":77}},"104":{"start":{"line":216,"column":8},"end":{"line":216,"column":39}},"105":{"start":{"line":217,"column":8},"end":{"line":217,"column":26}},"106":{"start":{"line":220,"column":8},"end":{"line":223,"column":11}},"107":{"start":{"line":225,"column":8},"end":{"line":225,"column":27}},"108":{"start":{"line":226,"column":8},"end":{"line":226,"column":51}},"109":{"start":{"line":232,"column":0},"end":{"line":238,"column":2}}},"fnMap":{"0":{"name":"(anonymous_8)","decl":{"start":{"line":14,"column":17},"end":{"line":14,"column":24}},"loc":{"start":{"line":14,"column":55},"end":{"line":58,"column":2}}},"1":{"name":"(anonymous_9)","decl":{"start":{"line":14,"column":55},"end":{"line":14,"column":null}},"loc":{"start":{"line":14,"column":55},"end":{"line":58,"column":1}}},"2":{"name":"(anonymous_10)","decl":{"start":{"line":61,"column":23},"end":{"line":61,"column":null}},"loc":{"start":{"line":63,"column":51},"end":{"line":84,"column":1}}},"3":{"name":"(anonymous_11)","decl":{"start":{"line":86,"column":14},"end":{"line":86,"column":21}},"loc":{"start":{"line":86,"column":52},"end":{"line":124,"column":2}}},"4":{"name":"(anonymous_12)","decl":{"start":{"line":86,"column":52},"end":{"line":86,"column":null}},"loc":{"start":{"line":86,"column":52},"end":{"line":124,"column":1}}},"5":{"name":"(anonymous_13)","decl":{"start":{"line":126,"column":20},"end":{"line":126,"column":27}},"loc":{"start":{"line":126,"column":39},"end":{"line":151,"column":2}}},"6":{"name":"(anonymous_14)","decl":{"start":{"line":126,"column":39},"end":{"line":126,"column":null}},"loc":{"start":{"line":126,"column":39},"end":{"line":151,"column":1}}},"7":{"name":"(anonymous_15)","decl":{"start":{"line":153,"column":15},"end":{"line":153,"column":22}},"loc":{"start":{"line":153,"column":34},"end":{"line":177,"column":2}}},"8":{"name":"(anonymous_16)","decl":{"start":{"line":153,"column":34},"end":{"line":153,"column":null}},"loc":{"start":{"line":153,"column":34},"end":{"line":177,"column":1}}},"9":{"name":"(anonymous_17)","decl":{"start":{"line":166,"column":6},"end":{"line":166,"column":7}},"loc":{"start":{"line":166,"column":17},"end":{"line":166,"column":52}}},"10":{"name":"(anonymous_18)","decl":{"start":{"line":179,"column":16},"end":{"line":179,"column":23}},"loc":{"start":{"line":179,"column":54},"end":{"line":230,"column":2}}},"11":{"name":"(anonymous_19)","decl":{"start":{"line":179,"column":54},"end":{"line":179,"column":null}},"loc":{"start":{"line":179,"column":54},"end":{"line":230,"column":1}}},"12":{"name":"(anonymous_20)","decl":{"start":{"line":191,"column":4},"end":{"line":191,"column":11}},"loc":{"start":{"line":191,"column":45},"end":{"line":228,"column":null}}},"13":{"name":"(anonymous_21)","decl":{"start":{"line":191,"column":45},"end":{"line":191,"column":null}},"loc":{"start":{"line":191,"column":45},"end":{"line":228,"column":5}}},"14":{"name":"(anonymous_22)","decl":{"start":{"line":215,"column":41},"end":{"line":215,"column":42}},"loc":{"start":{"line":215,"column":52},"end":{"line":215,"column":77}}}},"branchMap":{"0":{"loc":{"start":{"line":21,"column":2},"end":{"line":23,"column":3}},"type":"if","locations":[{"start":{"line":21,"column":2},"end":{"line":23,"column":3}}]},"1":{"loc":{"start":{"line":21,"column":6},"end":{"line":21,"column":57}},"type":"binary-expr","locations":[{"start":{"line":21,"column":6},"end":{"line":21,"column":19}},{"start":{"line":21,"column":23},"end":{"line":21,"column":39}},{"start":{"line":21,"column":43},"end":{"line":21,"column":57}}]},"2":{"loc":{"start":{"line":28,"column":4},"end":{"line":42,"column":5}},"type":"if","locations":[{"start":{"line":28,"column":4},"end":{"line":42,"column":5}}]},"3":{"loc":{"start":{"line":92,"column":2},"end":{"line":94,"column":3}},"type":"if","locations":[{"start":{"line":92,"column":2},"end":{"line":94,"column":3}}]},"4":{"loc":{"start":{"line":92,"column":6},"end":{"line":92,"column":39}},"type":"binary-expr","locations":[{"start":{"line":92,"column":6},"end":{"line":92,"column":19}},{"start":{"line":92,"column":23},"end":{"line":92,"column":39}}]},"5":{"loc":{"start":{"line":99,"column":4},"end":{"line":101,"column":5}},"type":"if","locations":[{"start":{"line":99,"column":4},"end":{"line":101,"column":5}}]},"6":{"loc":{"start":{"line":104,"column":4},"end":{"line":106,"column":5}},"type":"if","locations":[{"start":{"line":104,"column":4},"end":{"line":106,"column":5}}]},"7":{"loc":{"start":{"line":110,"column":4},"end":{"line":114,"column":5}},"type":"if","locations":[{"start":{"line":110,"column":4},"end":{"line":114,"column":5}},{"start":{"line":112,"column":11},"end":{"line":114,"column":5}}]},"8":{"loc":{"start":{"line":138,"column":4},"end":{"line":144,"column":5}},"type":"if","locations":[{"start":{"line":138,"column":4},"end":{"line":144,"column":5}}]},"9":{"loc":{"start":{"line":157,"column":4},"end":{"line":159,"column":5}},"type":"if","locations":[{"start":{"line":157,"column":4},"end":{"line":159,"column":5}}]},"10":{"loc":{"start":{"line":161,"column":4},"end":{"line":163,"column":5}},"type":"if","locations":[{"start":{"line":161,"column":4},"end":{"line":163,"column":5}}]},"11":{"loc":{"start":{"line":183,"column":2},"end":{"line":185,"column":3}},"type":"if","locations":[{"start":{"line":183,"column":2},"end":{"line":185,"column":3}}]},"12":{"loc":{"start":{"line":192,"column":6},"end":{"line":194,"column":7}},"type":"if","locations":[{"start":{"line":192,"column":6},"end":{"line":194,"column":7}}]},"13":{"loc":{"start":{"line":198,"column":8},"end":{"line":207,"column":9}},"type":"if","locations":[{"start":{"line":198,"column":8},"end":{"line":207,"column":9}}]},"14":{"loc":{"start":{"line":199,"column":10},"end":{"line":201,"column":49}},"type":"binary-expr","locations":[{"start":{"line":199,"column":10},"end":{"line":199,"column":22}},{"start":{"line":200,"column":10},"end":{"line":200,"column":34}},{"start":{"line":201,"column":10},"end":{"line":201,"column":49}}]}},"s":{"0":1,"1":1,"2":1,"3":1,"4":1,"5":1,"6":1,"7":1,"8":1,"9":1,"10":1,"11":1,"12":1,"13":1,"14":1,"15":1,"16":0,"17":1,"18":1,"19":1,"20":0,"21":0,"22":0,"23":0,"24":0,"25":0,"26":1,"27":1,"28":1,"29":1,"30":0,"31":0,"32":1,"33":1,"34":1,"35":1,"36":1,"37":1,"38":1,"39":1,"40":1,"41":1,"42":0,"43":1,"44":1,"45":1,"46":0,"47":1,"48":1,"49":0,"50":1,"51":1,"52":0,"53":1,"54":1,"55":1,"56":0,"57":0,"58":1,"59":0,"60":0,"61":0,"62":0,"63":0,"64":0,"65":0,"66":0,"67":0,"68":0,"69":0,"70":1,"71":0,"72":0,"73":0,"74":0,"75":0,"76":0,"77":0,"78":0,"79":0,"80":0,"81":0,"82":0,"83":0,"84":0,"85":0,"86":1,"87":0,"88":0,"89":0,"90":0,"91":0,"92":0,"93":0,"94":0,"95":0,"96":0,"97":0,"98":0,"99":0,"100":0,"101":0,"102":0,"103":0,"104":0,"105":0,"106":0,"107":0,"108":0,"109":1},"f":{"0":1,"1":1,"2":1,"3":1,"4":1,"5":0,"6":0,"7":0,"8":0,"9":0,"10":0,"11":0,"12":0,"13":0,"14":0},"b":{"0":[0],"1":[1,1,1],"2":[0],"3":[0],"4":[1,1],"5":[0],"6":[0],"7":[0,1],"8":[0],"9":[0],"10":[0],"11":[0],"12":[0],"13":[0],"14":[0,0,0]}}
,"C:\\Users\\oranb\\Desktop\\Studies\\Fourth year\\Full_Stack_Course\\project\\Full_Stack_Course_Backend\\src\\controllers\\base_controller.ts": {"path":"C:\\Users\\oranb\\Desktop\\Studies\\Fourth year\\Full_Stack_Course\\project\\Full_Stack_Course_Backend\\src\\controllers\\base_controller.ts","statementMap":{"0":{"start":{"line":7,"column":4},"end":{"line":7,"column":31}},"1":{"start":{"line":11,"column":4},"end":{"line":11,"column":23}},"2":{"start":{"line":12,"column":4},"end":{"line":31,"column":5}},"3":{"start":{"line":14,"column":6},"end":{"line":27,"column":7}},"4":{"start":{"line":15,"column":21},"end":{"line":15,"column":74}},"5":{"start":{"line":16,"column":8},"end":{"line":16,"column":42}},"6":{"start":{"line":19,"column":11},"end":{"line":27,"column":7}},"7":{"start":{"line":20,"column":21},"end":{"line":20,"column":74}},"8":{"start":{"line":21,"column":8},"end":{"line":21,"column":42}},"9":{"start":{"line":24,"column":21},"end":{"line":24,"column":72}},"10":{"start":{"line":25,"column":8},"end":{"line":25,"column":26}},"11":{"start":{"line":26,"column":8},"end":{"line":26,"column":42}},"12":{"start":{"line":29,"column":6},"end":{"line":29,"column":25}},"13":{"start":{"line":30,"column":6},"end":{"line":30,"column":49}},"14":{"start":{"line":36,"column":4},"end":{"line":36,"column":28}},"15":{"start":{"line":37,"column":4},"end":{"line":48,"column":5}},"16":{"start":{"line":39,"column":19},"end":{"line":39,"column":63}},"17":{"start":{"line":40,"column":6},"end":{"line":44,"column":7}},"18":{"start":{"line":41,"column":8},"end":{"line":41,"column":49}},"19":{"start":{"line":43,"column":8},"end":{"line":43,"column":42}},"20":{"start":{"line":46,"column":6},"end":{"line":46,"column":25}},"21":{"start":{"line":47,"column":6},"end":{"line":47,"column":42}},"22":{"start":{"line":53,"column":4},"end":{"line":53,"column":40}},"23":{"start":{"line":54,"column":4},"end":{"line":61,"column":5}},"24":{"start":{"line":56,"column":19},"end":{"line":56,"column":56}},"25":{"start":{"line":57,"column":6},"end":{"line":57,"column":40}},"26":{"start":{"line":59,"column":6},"end":{"line":59,"column":25}},"27":{"start":{"line":60,"column":6},"end":{"line":60,"column":49}},"28":{"start":{"line":66,"column":19},"end":{"line":66,"column":32}},"29":{"start":{"line":67,"column":23},"end":{"line":67,"column":31}},"30":{"start":{"line":69,"column":4},"end":{"line":91,"column":5}},"31":{"start":{"line":71,"column":21},"end":{"line":75,"column":8}},"32":{"start":{"line":78,"column":6},"end":{"line":87,"column":7}},"33":{"start":{"line":80,"column":8},"end":{"line":80,"column":51}},"34":{"start":{"line":81,"column":13},"end":{"line":87,"column":7}},"35":{"start":{"line":83,"column":8},"end":{"line":83,"column":68}},"36":{"start":{"line":86,"column":8},"end":{"line":86,"column":66}},"37":{"start":{"line":89,"column":6},"end":{"line":89,"column":25}},"38":{"start":{"line":90,"column":6},"end":{"line":90,"column":42}},"39":{"start":{"line":96,"column":4},"end":{"line":96,"column":42}},"40":{"start":{"line":97,"column":4},"end":{"line":104,"column":5}},"41":{"start":{"line":99,"column":6},"end":{"line":99,"column":60}},"42":{"start":{"line":100,"column":6},"end":{"line":100,"column":36}},"43":{"start":{"line":102,"column":6},"end":{"line":102,"column":25}},"44":{"start":{"line":103,"column":6},"end":{"line":103,"column":42}},"45":{"start":{"line":108,"column":0},"end":{"line":108,"column":31}}},"fnMap":{"0":{"name":"(anonymous_7)","decl":{"start":{"line":6,"column":2},"end":{"line":6,"column":14}},"loc":{"start":{"line":6,"column":50},"end":{"line":8,"column":3}}},"1":{"name":"(anonymous_8)","decl":{"start":{"line":10,"column":8},"end":{"line":10,"column":11}},"loc":{"start":{"line":10,"column":39},"end":{"line":32,"column":null}}},"2":{"name":"(anonymous_10)","decl":{"start":{"line":35,"column":8},"end":{"line":35,"column":15}},"loc":{"start":{"line":35,"column":43},"end":{"line":49,"column":null}}},"3":{"name":"(anonymous_12)","decl":{"start":{"line":52,"column":8},"end":{"line":52,"column":12}},"loc":{"start":{"line":52,"column":40},"end":{"line":62,"column":null}}},"4":{"name":"(anonymous_14)","decl":{"start":{"line":65,"column":8},"end":{"line":65,"column":11}},"loc":{"start":{"line":65,"column":39},"end":{"line":92,"column":null}}},"5":{"name":"(anonymous_16)","decl":{"start":{"line":95,"column":8},"end":{"line":95,"column":14}},"loc":{"start":{"line":95,"column":42},"end":{"line":105,"column":null}}}},"branchMap":{"0":{"loc":{"start":{"line":14,"column":6},"end":{"line":27,"column":7}},"type":"if","locations":[{"start":{"line":14,"column":6},"end":{"line":27,"column":7}},{"start":{"line":19,"column":11},"end":{"line":27,"column":7}}]},"1":{"loc":{"start":{"line":19,"column":11},"end":{"line":27,"column":7}},"type":"if","locations":[{"start":{"line":19,"column":11},"end":{"line":27,"column":7}},{"start":{"line":22,"column":13},"end":{"line":27,"column":7}}]},"2":{"loc":{"start":{"line":40,"column":6},"end":{"line":44,"column":7}},"type":"if","locations":[{"start":{"line":40,"column":6},"end":{"line":44,"column":7}},{"start":{"line":42,"column":13},"end":{"line":44,"column":7}}]},"3":{"loc":{"start":{"line":78,"column":6},"end":{"line":87,"column":7}},"type":"if","locations":[{"start":{"line":78,"column":6},"end":{"line":87,"column":7}},{"start":{"line":81,"column":13},"end":{"line":87,"column":7}}]},"4":{"loc":{"start":{"line":81,"column":13},"end":{"line":87,"column":7}},"type":"if","locations":[{"start":{"line":81,"column":13},"end":{"line":87,"column":7}},{"start":{"line":84,"column":13},"end":{"line":87,"column":7}}]}},"s":{"0":4,"1":1,"2":1,"3":1,"4":0,"5":0,"6":1,"7":0,"8":0,"9":1,"10":1,"11":1,"12":0,"13":0,"14":1,"15":1,"16":1,"17":0,"18":0,"19":0,"20":1,"21":1,"22":0,"23":0,"24":0,"25":0,"26":0,"27":0,"28":0,"29":0,"30":0,"31":0,"32":0,"33":0,"34":0,"35":0,"36":0,"37":0,"38":0,"39":0,"40":0,"41":0,"42":0,"43":0,"44":0,"45":1},"f":{"0":4,"1":1,"2":1,"3":0,"4":0,"5":0},"b":{"0":[0,1],"1":[0,1],"2":[0,0],"3":[0,0],"4":[0,0]}}
,"C:\\Users\\oranb\\Desktop\\Studies\\Fourth year\\Full_Stack_Course\\project\\Full_Stack_Course_Backend\\src\\controllers\\item_controller.ts": {"path":"C:\\Users\\oranb\\Desktop\\Studies\\Fourth year\\Full_Stack_Course\\project\\Full_Stack_Course_Backend\\src\\controllers\\item_controller.ts","statementMap":{"0":{"start":{"line":2,"column":0},"end":{"line":2,"column":40}},"1":{"start":{"line":3,"column":0},"end":{"line":3,"column":47}},"2":{"start":{"line":6,"column":23},"end":{"line":6,"column":54}},"3":{"start":{"line":9,"column":0},"end":{"line":9,"column":30}}},"fnMap":{},"branchMap":{},"s":{"0":1,"1":1,"2":1,"3":1},"f":{},"b":{}}
,"C:\\Users\\oranb\\Desktop\\Studies\\Fourth year\\Full_Stack_Course\\project\\Full_Stack_Course_Backend\\src\\controllers\\post_controller.ts": {"path":"C:\\Users\\oranb\\Desktop\\Studies\\Fourth year\\Full_Stack_Course\\project\\Full_Stack_Course_Backend\\src\\controllers\\post_controller.ts","statementMap":{"0":{"start":{"line":2,"column":0},"end":{"line":2,"column":40}},"1":{"start":{"line":3,"column":0},"end":{"line":3,"column":47}},"2":{"start":{"line":6,"column":0},"end":{"line":6,"column":40}},"3":{"start":{"line":12,"column":4},"end":{"line":12,"column":16}},"4":{"start":{"line":16,"column":4},"end":{"line":25,"column":5}},"5":{"start":{"line":17,"column":6},"end":{"line":17,"column":41}},"6":{"start":{"line":18,"column":6},"end":{"line":20,"column":9}},"7":{"start":{"line":21,"column":6},"end":{"line":21,"column":34}},"8":{"start":{"line":23,"column":6},"end":{"line":23,"column":43}},"9":{"start":{"line":24,"column":6},"end":{"line":24,"column":51}},"10":{"start":{"line":29,"column":19},"end":{"line":29,"column":32}},"11":{"start":{"line":30,"column":19},"end":{"line":30,"column":36}},"12":{"start":{"line":32,"column":4},"end":{"line":50,"column":5}},"13":{"start":{"line":34,"column":19},"end":{"line":34,"column":46}},"14":{"start":{"line":35,"column":6},"end":{"line":37,"column":7}},"15":{"start":{"line":36,"column":8},"end":{"line":36,"column":54}},"16":{"start":{"line":38,"column":6},"end":{"line":40,"column":7}},"17":{"start":{"line":39,"column":8},"end":{"line":39,"column":72}},"18":{"start":{"line":43,"column":6},"end":{"line":43,"column":30}},"19":{"start":{"line":44,"column":6},"end":{"line":44,"column":24}},"20":{"start":{"line":46,"column":6},"end":{"line":46,"column":80}},"21":{"start":{"line":48,"column":6},"end":{"line":48,"column":47}},"22":{"start":{"line":49,"column":6},"end":{"line":49,"column":55}},"23":{"start":{"line":54,"column":19},"end":{"line":54,"column":32}},"24":{"start":{"line":55,"column":19},"end":{"line":55,"column":36}},"25":{"start":{"line":57,"column":4},"end":{"line":77,"column":5}},"26":{"start":{"line":59,"column":19},"end":{"line":59,"column":46}},"27":{"start":{"line":60,"column":6},"end":{"line":62,"column":7}},"28":{"start":{"line":61,"column":8},"end":{"line":61,"column":54}},"29":{"start":{"line":63,"column":6},"end":{"line":65,"column":7}},"30":{"start":{"line":64,"column":8},"end":{"line":64,"column":68}},"31":{"start":{"line":68,"column":6},"end":{"line":68,"column":60}},"32":{"start":{"line":68,"column":45},"end":{"line":68,"column":58}},"33":{"start":{"line":69,"column":6},"end":{"line":69,"column":24}},"34":{"start":{"line":71,"column":6},"end":{"line":73,"column":62}},"35":{"start":{"line":75,"column":6},"end":{"line":75,"column":49}},"36":{"start":{"line":76,"column":6},"end":{"line":76,"column":57}},"37":{"start":{"line":82,"column":0},"end":{"line":82,"column":36}}},"fnMap":{"0":{"name":"(anonymous_8)","decl":{"start":{"line":11,"column":2},"end":{"line":11,"column":null}},"loc":{"start":{"line":11,"column":2},"end":{"line":13,"column":3}}},"1":{"name":"(anonymous_9)","decl":{"start":{"line":15,"column":8},"end":{"line":15,"column":12}},"loc":{"start":{"line":15,"column":40},"end":{"line":26,"column":null}}},"2":{"name":"(anonymous_12)","decl":{"start":{"line":28,"column":8},"end":{"line":28,"column":16}},"loc":{"start":{"line":28,"column":44},"end":{"line":51,"column":null}}},"3":{"name":"(anonymous_14)","decl":{"start":{"line":53,"column":8},"end":{"line":53,"column":18}},"loc":{"start":{"line":53,"column":46},"end":{"line":78,"column":null}}},"4":{"name":"(anonymous_16)","decl":{"start":{"line":68,"column":37},"end":{"line":68,"column":38}},"loc":{"start":{"line":68,"column":45},"end":{"line":68,"column":58}}}},"branchMap":{"0":{"loc":{"start":{"line":35,"column":6},"end":{"line":37,"column":7}},"type":"if","locations":[{"start":{"line":35,"column":6},"end":{"line":37,"column":7}}]},"1":{"loc":{"start":{"line":38,"column":6},"end":{"line":40,"column":7}},"type":"if","locations":[{"start":{"line":38,"column":6},"end":{"line":40,"column":7}}]},"2":{"loc":{"start":{"line":60,"column":6},"end":{"line":62,"column":7}},"type":"if","locations":[{"start":{"line":60,"column":6},"end":{"line":62,"column":7}}]},"3":{"loc":{"start":{"line":63,"column":6},"end":{"line":65,"column":7}},"type":"if","locations":[{"start":{"line":63,"column":6},"end":{"line":65,"column":7}}]}},"s":{"0":1,"1":1,"2":1,"3":1,"4":0,"5":0,"6":0,"7":0,"8":0,"9":0,"10":0,"11":0,"12":0,"13":0,"14":0,"15":0,"16":0,"17":0,"18":0,"19":0,"20":0,"21":0,"22":0,"23":0,"24":0,"25":0,"26":0,"27":0,"28":0,"29":0,"30":0,"31":0,"32":0,"33":0,"34":0,"35":0,"36":0,"37":1},"f":{"0":1,"1":0,"2":0,"3":0,"4":0},"b":{"0":[0],"1":[0],"2":[0],"3":[0]}}
,"C:\\Users\\oranb\\Desktop\\Studies\\Fourth year\\Full_Stack_Course\\project\\Full_Stack_Course_Backend\\src\\controllers\\student_controller.ts": {"path":"C:\\Users\\oranb\\Desktop\\Studies\\Fourth year\\Full_Stack_Course\\project\\Full_Stack_Course_Backend\\src\\controllers\\student_controller.ts","statementMap":{"0":{"start":{"line":2,"column":0},"end":{"line":2,"column":46}},"1":{"start":{"line":3,"column":0},"end":{"line":3,"column":47}},"2":{"start":{"line":6,"column":26},"end":{"line":6,"column":63}},"3":{"start":{"line":9,"column":0},"end":{"line":9,"column":33}}},"fnMap":{},"branchMap":{},"s":{"0":1,"1":1,"2":1,"3":1},"f":{},"b":{}}
,"C:\\Users\\oranb\\Desktop\\Studies\\Fourth year\\Full_Stack_Course\\project\\Full_Stack_Course_Backend\\src\\controllers\\user_controller.ts": {"path":"C:\\Users\\oranb\\Desktop\\Studies\\Fourth year\\Full_Stack_Course\\project\\Full_Stack_Course_Backend\\src\\controllers\\user_controller.ts","statementMap":{"0":{"start":{"line":1,"column":0},"end":{"line":1,"column":40}},"1":{"start":{"line":2,"column":0},"end":{"line":2,"column":47}},"2":{"start":{"line":8,"column":4},"end":{"line":8,"column":16}},"3":{"start":{"line":12,"column":4},"end":{"line":12,"column":61}},"4":{"start":{"line":13,"column":4},"end":{"line":35,"column":5}},"5":{"start":{"line":15,"column":19},"end":{"line":18,"column":8}},"6":{"start":{"line":19,"column":6},"end":{"line":31,"column":7}},"7":{"start":{"line":20,"column":8},"end":{"line":28,"column":11}},"8":{"start":{"line":30,"column":8},"end":{"line":30,"column":67}},"9":{"start":{"line":33,"column":6},"end":{"line":33,"column":60}},"10":{"start":{"line":34,"column":6},"end":{"line":34,"column":70}},"11":{"start":{"line":39,"column":4},"end":{"line":39,"column":61}},"12":{"start":{"line":40,"column":4},"end":{"line":63,"column":5}},"13":{"start":{"line":42,"column":19},"end":{"line":45,"column":null}},"14":{"start":{"line":47,"column":6},"end":{"line":59,"column":7}},"15":{"start":{"line":48,"column":8},"end":{"line":56,"column":11}},"16":{"start":{"line":58,"column":8},"end":{"line":58,"column":67}},"17":{"start":{"line":61,"column":6},"end":{"line":61,"column":60}},"18":{"start":{"line":62,"column":6},"end":{"line":62,"column":70}},"19":{"start":{"line":68,"column":19},"end":{"line":68,"column":36}},"20":{"start":{"line":69,"column":4},"end":{"line":69,"column":32}},"21":{"start":{"line":73,"column":4},"end":{"line":73,"column":54}},"22":{"start":{"line":74,"column":4},"end":{"line":104,"column":5}},"23":{"start":{"line":76,"column":19},"end":{"line":76,"column":67}},"24":{"start":{"line":77,"column":6},"end":{"line":79,"column":7}},"25":{"start":{"line":78,"column":8},"end":{"line":78,"column":67}},"26":{"start":{"line":82,"column":27},"end":{"line":82,"column":75}},"27":{"start":{"line":84,"column":6},"end":{"line":86,"column":7}},"28":{"start":{"line":85,"column":8},"end":{"line":85,"column":77}},"29":{"start":{"line":89,"column":6},"end":{"line":91,"column":7}},"30":{"start":{"line":90,"column":8},"end":{"line":90,"column":77}},"31":{"start":{"line":94,"column":6},"end":{"line":94,"column":45}},"32":{"start":{"line":95,"column":6},"end":{"line":95,"column":24}},"33":{"start":{"line":97,"column":6},"end":{"line":97,"column":53}},"34":{"start":{"line":98,"column":6},"end":{"line":98,"column":32}},"35":{"start":{"line":100,"column":6},"end":{"line":100,"column":77}},"36":{"start":{"line":102,"column":6},"end":{"line":102,"column":52}},"37":{"start":{"line":103,"column":6},"end":{"line":103,"column":70}},"38":{"start":{"line":108,"column":4},"end":{"line":108,"column":56}},"39":{"start":{"line":109,"column":4},"end":{"line":144,"column":5}},"40":{"start":{"line":111,"column":19},"end":{"line":111,"column":67}},"41":{"start":{"line":112,"column":6},"end":{"line":114,"column":7}},"42":{"start":{"line":113,"column":8},"end":{"line":113,"column":67}},"43":{"start":{"line":117,"column":29},"end":{"line":117,"column":77}},"44":{"start":{"line":119,"column":6},"end":{"line":121,"column":7}},"45":{"start":{"line":120,"column":8},"end":{"line":120,"column":79}},"46":{"start":{"line":124,"column":6},"end":{"line":126,"column":7}},"47":{"start":{"line":125,"column":8},"end":{"line":125,"column":73}},"48":{"start":{"line":129,"column":6},"end":{"line":129,"column":79}},"49":{"start":{"line":129,"column":53},"end":{"line":129,"column":77}},"50":{"start":{"line":130,"column":6},"end":{"line":130,"column":24}},"51":{"start":{"line":133,"column":6},"end":{"line":133,"column":53}},"52":{"start":{"line":134,"column":6},"end":{"line":134,"column":59}},"53":{"start":{"line":135,"column":6},"end":{"line":137,"column":8}},"54":{"start":{"line":136,"column":16},"end":{"line":136,"column":40}},"55":{"start":{"line":138,"column":6},"end":{"line":138,"column":34}},"56":{"start":{"line":140,"column":6},"end":{"line":140,"column":72}},"57":{"start":{"line":142,"column":6},"end":{"line":142,"column":54}},"58":{"start":{"line":143,"column":6},"end":{"line":143,"column":70}},"59":{"start":{"line":148,"column":4},"end":{"line":148,"column":67}},"60":{"start":{"line":149,"column":4},"end":{"line":161,"column":5}},"61":{"start":{"line":151,"column":19},"end":{"line":151,"column":67}},"62":{"start":{"line":152,"column":6},"end":{"line":154,"column":7}},"63":{"start":{"line":153,"column":8},"end":{"line":153,"column":67}},"64":{"start":{"line":157,"column":6},"end":{"line":157,"column":65}},"65":{"start":{"line":159,"column":6},"end":{"line":159,"column":56}},"66":{"start":{"line":160,"column":6},"end":{"line":160,"column":70}},"67":{"start":{"line":165,"column":4},"end":{"line":165,"column":67}},"68":{"start":{"line":166,"column":4},"end":{"line":177,"column":5}},"69":{"start":{"line":168,"column":19},"end":{"line":168,"column":74}},"70":{"start":{"line":169,"column":6},"end":{"line":173,"column":7}},"71":{"start":{"line":170,"column":8},"end":{"line":170,"column":70}},"72":{"start":{"line":172,"column":8},"end":{"line":172,"column":72}},"73":{"start":{"line":175,"column":6},"end":{"line":175,"column":68}},"74":{"start":{"line":176,"column":6},"end":{"line":176,"column":70}},"75":{"start":{"line":181,"column":13},"end":{"line":181,"column":51}}},"fnMap":{"0":{"name":"(anonymous_8)","decl":{"start":{"line":7,"column":2},"end":{"line":7,"column":null}},"loc":{"start":{"line":7,"column":2},"end":{"line":9,"column":3}}},"1":{"name":"(anonymous_9)","decl":{"start":{"line":11,"column":8},"end":{"line":11,"column":18}},"loc":{"start":{"line":11,"column":46},"end":{"line":36,"column":null}}},"2":{"name":"(anonymous_11)","decl":{"start":{"line":38,"column":8},"end":{"line":38,"column":21}},"loc":{"start":{"line":38,"column":49},"end":{"line":64,"column":null}}},"3":{"name":"(anonymous_13)","decl":{"start":{"line":66,"column":8},"end":{"line":66,"column":15}},"loc":{"start":{"line":66,"column":43},"end":{"line":70,"column":null}}},"4":{"name":"(anonymous_15)","decl":{"start":{"line":72,"column":8},"end":{"line":72,"column":18}},"loc":{"start":{"line":72,"column":46},"end":{"line":105,"column":null}}},"5":{"name":"(anonymous_17)","decl":{"start":{"line":107,"column":8},"end":{"line":107,"column":20}},"loc":{"start":{"line":107,"column":48},"end":{"line":145,"column":null}}},"6":{"name":"(anonymous_19)","decl":{"start":{"line":129,"column":45},"end":{"line":129,"column":46}},"loc":{"start":{"line":129,"column":53},"end":{"line":129,"column":77}}},"7":{"name":"(anonymous_20)","decl":{"start":{"line":136,"column":8},"end":{"line":136,"column":9}},"loc":{"start":{"line":136,"column":16},"end":{"line":136,"column":40}}},"8":{"name":"(anonymous_21)","decl":{"start":{"line":147,"column":8},"end":{"line":147,"column":20}},"loc":{"start":{"line":147,"column":48},"end":{"line":162,"column":null}}},"9":{"name":"(anonymous_23)","decl":{"start":{"line":164,"column":8},"end":{"line":164,"column":26}},"loc":{"start":{"line":164,"column":54},"end":{"line":178,"column":null}}}},"branchMap":{"0":{"loc":{"start":{"line":19,"column":6},"end":{"line":31,"column":7}},"type":"if","locations":[{"start":{"line":19,"column":6},"end":{"line":31,"column":7}},{"start":{"line":29,"column":13},"end":{"line":31,"column":7}}]},"1":{"loc":{"start":{"line":47,"column":6},"end":{"line":59,"column":7}},"type":"if","locations":[{"start":{"line":47,"column":6},"end":{"line":59,"column":7}},{"start":{"line":57,"column":13},"end":{"line":59,"column":7}}]},"2":{"loc":{"start":{"line":77,"column":6},"end":{"line":79,"column":7}},"type":"if","locations":[{"start":{"line":77,"column":6},"end":{"line":79,"column":7}}]},"3":{"loc":{"start":{"line":84,"column":6},"end":{"line":86,"column":7}},"type":"if","locations":[{"start":{"line":84,"column":6},"end":{"line":86,"column":7}}]},"4":{"loc":{"start":{"line":89,"column":6},"end":{"line":91,"column":7}},"type":"if","locations":[{"start":{"line":89,"column":6},"end":{"line":91,"column":7}}]},"5":{"loc":{"start":{"line":112,"column":6},"end":{"line":114,"column":7}},"type":"if","locations":[{"start":{"line":112,"column":6},"end":{"line":114,"column":7}}]},"6":{"loc":{"start":{"line":119,"column":6},"end":{"line":121,"column":7}},"type":"if","locations":[{"start":{"line":119,"column":6},"end":{"line":121,"column":7}}]},"7":{"loc":{"start":{"line":124,"column":6},"end":{"line":126,"column":7}},"type":"if","locations":[{"start":{"line":124,"column":6},"end":{"line":126,"column":7}}]},"8":{"loc":{"start":{"line":152,"column":6},"end":{"line":154,"column":7}},"type":"if","locations":[{"start":{"line":152,"column":6},"end":{"line":154,"column":7}}]},"9":{"loc":{"start":{"line":169,"column":6},"end":{"line":173,"column":7}},"type":"if","locations":[{"start":{"line":169,"column":6},"end":{"line":173,"column":7}},{"start":{"line":171,"column":13},"end":{"line":173,"column":7}}]}},"s":{"0":1,"1":1,"2":1,"3":2,"4":2,"5":2,"6":2,"7":1,"8":1,"9":0,"10":0,"11":0,"12":0,"13":0,"14":0,"15":0,"16":0,"17":0,"18":0,"19":0,"20":0,"21":0,"22":0,"23":0,"24":0,"25":0,"26":0,"27":0,"28":0,"29":0,"30":0,"31":0,"32":0,"33":0,"34":0,"35":0,"36":0,"37":0,"38":0,"39":0,"40":0,"41":0,"42":0,"43":0,"44":0,"45":0,"46":0,"47":0,"48":0,"49":0,"50":0,"51":0,"52":0,"53":0,"54":0,"55":0,"56":0,"57":0,"58":0,"59":0,"60":0,"61":0,"62":0,"63":0,"64":0,"65":0,"66":0,"67":0,"68":0,"69":0,"70":0,"71":0,"72":0,"73":0,"74":0,"75":1},"f":{"0":1,"1":2,"2":0,"3":0,"4":0,"5":0,"6":0,"7":0,"8":0,"9":0},"b":{"0":[1,1],"1":[0,0],"2":[0],"3":[0],"4":[0],"5":[0],"6":[0],"7":[0],"8":[0],"9":[0,0]}}
,"C:\\Users\\oranb\\Desktop\\Studies\\Fourth year\\Full_Stack_Course\\project\\Full_Stack_Course_Backend\\src\\models\\item_model.ts": {"path":"C:\\Users\\oranb\\Desktop\\Studies\\Fourth year\\Full_Stack_Course\\project\\Full_Stack_Course_Backend\\src\\models\\item_model.ts","statementMap":{"0":{"start":{"line":1,"column":0},"end":{"line":1,"column":32}},"1":{"start":{"line":8,"column":19},"end":{"line":18,"column":2}},"2":{"start":{"line":20,"column":0},"end":{"line":20,"column":56}}},"fnMap":{},"branchMap":{},"s":{"0":1,"1":1,"2":1},"f":{},"b":{}}
,"C:\\Users\\oranb\\Desktop\\Studies\\Fourth year\\Full_Stack_Course\\project\\Full_Stack_Course_Backend\\src\\models\\post_model.ts": {"path":"C:\\Users\\oranb\\Desktop\\Studies\\Fourth year\\Full_Stack_Course\\project\\Full_Stack_Course_Backend\\src\\models\\post_model.ts","statementMap":{"0":{"start":{"line":1,"column":0},"end":{"line":1,"column":32}},"1":{"start":{"line":11,"column":19},"end":{"line":36,"column":null}},"2":{"start":{"line":39,"column":0},"end":{"line":39,"column":57}}},"fnMap":{},"branchMap":{},"s":{"0":1,"1":1,"2":1},"f":{},"b":{}}
,"C:\\Users\\oranb\\Desktop\\Studies\\Fourth year\\Full_Stack_Course\\project\\Full_Stack_Course_Backend\\src\\models\\student_model.ts": {"path":"C:\\Users\\oranb\\Desktop\\Studies\\Fourth year\\Full_Stack_Course\\project\\Full_Stack_Course_Backend\\src\\models\\student_model.ts","statementMap":{"0":{"start":{"line":1,"column":0},"end":{"line":1,"column":32}},"1":{"start":{"line":10,"column":22},"end":{"line":23,"column":2}},"2":{"start":{"line":25,"column":0},"end":{"line":25,"column":65}}},"fnMap":{},"branchMap":{},"s":{"0":1,"1":1,"2":1},"f":{},"b":{}}
,"C:\\Users\\oranb\\Desktop\\Studies\\Fourth year\\Full_Stack_Course\\project\\Full_Stack_Course_Backend\\src\\models\\user_model.ts": {"path":"C:\\Users\\oranb\\Desktop\\Studies\\Fourth year\\Full_Stack_Course\\project\\Full_Stack_Course_Backend\\src\\models\\user_model.ts","statementMap":{"0":{"start":{"line":1,"column":0},"end":{"line":1,"column":32}},"1":{"start":{"line":15,"column":19},"end":{"line":51,"column":null}},"2":{"start":{"line":54,"column":0},"end":{"line":54,"column":57}}},"fnMap":{},"branchMap":{},"s":{"0":1,"1":1,"2":1},"f":{},"b":{}}
,"C:\\Users\\oranb\\Desktop\\Studies\\Fourth year\\Full_Stack_Course\\project\\Full_Stack_Course_Backend\\src\\routes\\auth_route.ts": {"path":"C:\\Users\\oranb\\Desktop\\Studies\\Fourth year\\Full_Stack_Course\\project\\Full_Stack_Course_Backend\\src\\routes\\auth_route.ts","statementMap":{"0":{"start":{"line":1,"column":0},"end":{"line":1,"column":30}},"1":{"start":{"line":2,"column":15},"end":{"line":2,"column":31}},"2":{"start":{"line":3,"column":0},"end":{"line":3,"column":60}},"3":{"start":{"line":4,"column":0},"end":{"line":4,"column":55}},"4":{"start":{"line":118,"column":0},"end":{"line":118,"column":50}},"5":{"start":{"line":140,"column":0},"end":{"line":140,"column":44}},"6":{"start":{"line":155,"column":0},"end":{"line":155,"column":62}},"7":{"start":{"line":174,"column":0},"end":{"line":174,"column":48}},"8":{"start":{"line":198,"column":0},"end":{"line":198,"column":56}},"9":{"start":{"line":200,"column":0},"end":{"line":200,"column":22}}},"fnMap":{},"branchMap":{},"s":{"0":1,"1":1,"2":1,"3":1,"4":1,"5":1,"6":1,"7":1,"8":1,"9":1},"f":{},"b":{}}
,"C:\\Users\\oranb\\Desktop\\Studies\\Fourth year\\Full_Stack_Course\\project\\Full_Stack_Course_Backend\\src\\routes\\file_route.ts": {"path":"C:\\Users\\oranb\\Desktop\\Studies\\Fourth year\\Full_Stack_Course\\project\\Full_Stack_Course_Backend\\src\\routes\\file_route.ts","statementMap":{"0":{"start":{"line":1,"column":0},"end":{"line":1,"column":30}},"1":{"start":{"line":2,"column":0},"end":{"line":2,"column":28}},"2":{"start":{"line":3,"column":0},"end":{"line":3,"column":20}},"3":{"start":{"line":5,"column":15},"end":{"line":5,"column":31}},"4":{"start":{"line":7,"column":13},"end":{"line":7,"column":40}},"5":{"start":{"line":9,"column":16},"end":{"line":18,"column":2}},"6":{"start":{"line":11,"column":4},"end":{"line":11,"column":25}},"7":{"start":{"line":14,"column":4},"end":{"line":14,"column":43}},"8":{"start":{"line":15,"column":25},"end":{"line":15,"column":44}},"9":{"start":{"line":16,"column":4},"end":{"line":16,"column":27}},"10":{"start":{"line":20,"column":20},"end":{"line":29,"column":2}},"11":{"start":{"line":22,"column":4},"end":{"line":22,"column":31}},"12":{"start":{"line":25,"column":4},"end":{"line":25,"column":43}},"13":{"start":{"line":26,"column":25},"end":{"line":26,"column":44}},"14":{"start":{"line":27,"column":4},"end":{"line":27,"column":27}},"15":{"start":{"line":31,"column":15},"end":{"line":31,"column":43}},"16":{"start":{"line":32,"column":19},"end":{"line":32,"column":51}},"17":{"start":{"line":70,"column":0},"end":{"line":73,"column":3}},"18":{"start":{"line":71,"column":2},"end":{"line":71,"column":61}},"19":{"start":{"line":72,"column":2},"end":{"line":72,"column":54}},"20":{"start":{"line":104,"column":0},"end":{"line":107,"column":3}},"21":{"start":{"line":105,"column":2},"end":{"line":105,"column":61}},"22":{"start":{"line":106,"column":2},"end":{"line":106,"column":54}},"23":{"start":{"line":132,"column":0},"end":{"line":142,"column":3}},"24":{"start":{"line":133,"column":19},"end":{"line":133,"column":49}},"25":{"start":{"line":134,"column":2},"end":{"line":141,"column":3}},"26":{"start":{"line":135,"column":4},"end":{"line":135,"column":28}},"27":{"start":{"line":136,"column":4},"end":{"line":136,"column":37}},"28":{"start":{"line":137,"column":4},"end":{"line":137,"column":46}},"29":{"start":{"line":139,"column":4},"end":{"line":139,"column":52}},"30":{"start":{"line":140,"column":4},"end":{"line":140,"column":53}},"31":{"start":{"line":170,"column":0},"end":{"line":184,"column":3}},"32":{"start":{"line":171,"column":2},"end":{"line":171,"column":55}},"33":{"start":{"line":172,"column":2},"end":{"line":172,"column":24}},"34":{"start":{"line":174,"column":19},"end":{"line":174,"column":54}},"35":{"start":{"line":175,"column":2},"end":{"line":175,"column":39}},"36":{"start":{"line":176,"column":2},"end":{"line":183,"column":3}},"37":{"start":{"line":177,"column":4},"end":{"line":177,"column":28}},"38":{"start":{"line":178,"column":4},"end":{"line":178,"column":48}},"39":{"start":{"line":179,"column":4},"end":{"line":179,"column":46}},"40":{"start":{"line":181,"column":4},"end":{"line":181,"column":52}},"41":{"start":{"line":182,"column":4},"end":{"line":182,"column":53}},"42":{"start":{"line":186,"column":0},"end":{"line":186,"column":22}}},"fnMap":{"0":{"name":"(anonymous_1)","decl":{"start":{"line":10,"column":15},"end":{"line":10,"column":25}},"loc":{"start":{"line":10,"column":38},"end":{"line":12,"column":3}}},"1":{"name":"(anonymous_2)","decl":{"start":{"line":13,"column":12},"end":{"line":13,"column":22}},"loc":{"start":{"line":13,"column":35},"end":{"line":17,"column":3}}},"2":{"name":"(anonymous_3)","decl":{"start":{"line":21,"column":15},"end":{"line":21,"column":25}},"loc":{"start":{"line":21,"column":38},"end":{"line":23,"column":3}}},"3":{"name":"(anonymous_4)","decl":{"start":{"line":24,"column":12},"end":{"line":24,"column":22}},"loc":{"start":{"line":24,"column":35},"end":{"line":28,"column":3}}},"4":{"name":"(anonymous_5)","decl":{"start":{"line":70,"column":46},"end":{"line":70,"column":56}},"loc":{"start":{"line":70,"column":64},"end":{"line":73,"column":1}}},"5":{"name":"(anonymous_6)","decl":{"start":{"line":104,"column":54},"end":{"line":104,"column":64}},"loc":{"start":{"line":104,"column":72},"end":{"line":107,"column":1}}},"6":{"name":"(anonymous_7)","decl":{"start":{"line":132,"column":25},"end":{"line":132,"column":35}},"loc":{"start":{"line":132,"column":43},"end":{"line":142,"column":1}}},"7":{"name":"(anonymous_8)","decl":{"start":{"line":170,"column":31},"end":{"line":170,"column":41}},"loc":{"start":{"line":170,"column":49},"end":{"line":184,"column":1}}}},"branchMap":{},"s":{"0":1,"1":1,"2":1,"3":1,"4":1,"5":1,"6":0,"7":0,"8":0,"9":0,"10":1,"11":0,"12":0,"13":0,"14":0,"15":1,"16":1,"17":1,"18":0,"19":0,"20":1,"21":0,"22":0,"23":1,"24":0,"25":0,"26":0,"27":0,"28":0,"29":0,"30":0,"31":1,"32":0,"33":0,"34":0,"35":0,"36":0,"37":0,"38":0,"39":0,"40":0,"41":0,"42":1},"f":{"0":0,"1":0,"2":0,"3":0,"4":0,"5":0,"6":0,"7":0},"b":{}}
,"C:\\Users\\oranb\\Desktop\\Studies\\Fourth year\\Full_Stack_Course\\project\\Full_Stack_Course_Backend\\src\\routes\\item_route.ts": {"path":"C:\\Users\\oranb\\Desktop\\Studies\\Fourth year\\Full_Stack_Course\\project\\Full_Stack_Course_Backend\\src\\routes\\item_route.ts","statementMap":{"0":{"start":{"line":1,"column":0},"end":{"line":1,"column":30}},"1":{"start":{"line":2,"column":15},"end":{"line":2,"column":31}},"2":{"start":{"line":3,"column":0},"end":{"line":3,"column":60}},"3":{"start":{"line":4,"column":0},"end":{"line":4,"column":55}},"4":{"start":{"line":54,"column":0},"end":{"line":54,"column":73}},"5":{"start":{"line":83,"column":0},"end":{"line":83,"column":80}},"6":{"start":{"line":109,"column":0},"end":{"line":109,"column":75}},"7":{"start":{"line":140,"column":0},"end":{"line":140,"column":76}},"8":{"start":{"line":165,"column":0},"end":{"line":169,"column":2}},"9":{"start":{"line":171,"column":0},"end":{"line":171,"column":22}}},"fnMap":{},"branchMap":{},"s":{"0":1,"1":1,"2":1,"3":1,"4":1,"5":1,"6":1,"7":1,"8":1,"9":1},"f":{},"b":{}}
,"C:\\Users\\oranb\\Desktop\\Studies\\Fourth year\\Full_Stack_Course\\project\\Full_Stack_Course_Backend\\src\\routes\\post_route.ts": {"path":"C:\\Users\\oranb\\Desktop\\Studies\\Fourth year\\Full_Stack_Course\\project\\Full_Stack_Course_Backend\\src\\routes\\post_route.ts","statementMap":{"0":{"start":{"line":1,"column":0},"end":{"line":1,"column":30}},"1":{"start":{"line":2,"column":15},"end":{"line":2,"column":31}},"2":{"start":{"line":3,"column":0},"end":{"line":3,"column":60}},"3":{"start":{"line":4,"column":0},"end":{"line":4,"column":55}},"4":{"start":{"line":59,"column":0},"end":{"line":59,"column":73}},"5":{"start":{"line":88,"column":0},"end":{"line":88,"column":80}},"6":{"start":{"line":114,"column":0},"end":{"line":114,"column":75}},"7":{"start":{"line":145,"column":0},"end":{"line":145,"column":76}},"8":{"start":{"line":170,"column":0},"end":{"line":174,"column":2}},"9":{"start":{"line":200,"column":0},"end":{"line":204,"column":2}},"10":{"start":{"line":230,"column":0},"end":{"line":234,"column":2}},"11":{"start":{"line":235,"column":0},"end":{"line":235,"column":22}}},"fnMap":{},"branchMap":{},"s":{"0":1,"1":1,"2":1,"3":1,"4":1,"5":1,"6":1,"7":1,"8":1,"9":1,"10":1,"11":1},"f":{},"b":{}}
,"C:\\Users\\oranb\\Desktop\\Studies\\Fourth year\\Full_Stack_Course\\project\\Full_Stack_Course_Backend\\src\\routes\\student_route.ts": {"path":"C:\\Users\\oranb\\Desktop\\Studies\\Fourth year\\Full_Stack_Course\\project\\Full_Stack_Course_Backend\\src\\routes\\student_route.ts","statementMap":{"0":{"start":{"line":1,"column":0},"end":{"line":1,"column":30}},"1":{"start":{"line":2,"column":15},"end":{"line":2,"column":31}},"2":{"start":{"line":3,"column":0},"end":{"line":3,"column":66}},"3":{"start":{"line":4,"column":0},"end":{"line":4,"column":55}},"4":{"start":{"line":57,"column":0},"end":{"line":57,"column":79}},"5":{"start":{"line":83,"column":0},"end":{"line":87,"column":2}},"6":{"start":{"line":111,"column":0},"end":{"line":115,"column":2}},"7":{"start":{"line":151,"column":0},"end":{"line":155,"column":2}},"8":{"start":{"line":181,"column":0},"end":{"line":185,"column":2}},"9":{"start":{"line":187,"column":0},"end":{"line":187,"column":22}}},"fnMap":{},"branchMap":{},"s":{"0":1,"1":1,"2":1,"3":1,"4":1,"5":1,"6":1,"7":1,"8":1,"9":1},"f":{},"b":{}}
,"C:\\Users\\oranb\\Desktop\\Studies\\Fourth year\\Full_Stack_Course\\project\\Full_Stack_Course_Backend\\src\\routes\\user_route.ts": {"path":"C:\\Users\\oranb\\Desktop\\Studies\\Fourth year\\Full_Stack_Course\\project\\Full_Stack_Course_Backend\\src\\routes\\user_route.ts","statementMap":{"0":{"start":{"line":1,"column":0},"end":{"line":1,"column":30}},"1":{"start":{"line":2,"column":0},"end":{"line":2,"column":64}},"2":{"start":{"line":3,"column":0},"end":{"line":3,"column":55}},"3":{"start":{"line":5,"column":15},"end":{"line":5,"column":31}},"4":{"start":{"line":75,"column":0},"end":{"line":75,"column":73}},"5":{"start":{"line":105,"column":0},"end":{"line":109,"column":2}},"6":{"start":{"line":134,"column":0},"end":{"line":138,"column":2}},"7":{"start":{"line":140,"column":0},"end":{"line":140,"column":80}},"8":{"start":{"line":161,"column":0},"end":{"line":165,"column":2}},"9":{"start":{"line":190,"column":0},"end":{"line":193,"column":2}},"10":{"start":{"line":217,"column":0},"end":{"line":217,"column":75}},"11":{"start":{"line":253,"column":0},"end":{"line":257,"column":2}},"12":{"start":{"line":283,"column":0},"end":{"line":287,"column":2}},"13":{"start":{"line":313,"column":0},"end":{"line":317,"column":2}},"14":{"start":{"line":343,"column":0},"end":{"line":347,"column":2}},"15":{"start":{"line":349,"column":0},"end":{"line":349,"column":22}}},"fnMap":{},"branchMap":{},"s":{"0":1,"1":1,"2":1,"3":1,"4":1,"5":1,"6":1,"7":1,"8":1,"9":1,"10":1,"11":1,"12":1,"13":1,"14":1,"15":1},"f":{},"b":{}}
}
