{"C:\\Users\\oranb\\Desktop\\Studies\\Fourth year\\Full_Stack_Course\\project\\Full_Stack_Course_Backend\\src\\Server.ts": {"path":"C:\\Users\\oranb\\Desktop\\Studies\\Fourth year\\Full_Stack_Course\\project\\Full_Stack_Course_Backend\\src\\Server.ts","statementMap":{"0":{"start":{"line":1,"column":0},"end":{"line":1,"column":43}},"1":{"start":{"line":2,"column":12},"end":{"line":2,"column":21}},"2":{"start":{"line":3,"column":0},"end":{"line":3,"column":28}},"3":{"start":{"line":4,"column":0},"end":{"line":4,"column":16}},"4":{"start":{"line":5,"column":0},"end":{"line":5,"column":32}},"5":{"start":{"line":6,"column":0},"end":{"line":6,"column":50}},"6":{"start":{"line":7,"column":0},"end":{"line":7,"column":44}},"7":{"start":{"line":8,"column":0},"end":{"line":8,"column":44}},"8":{"start":{"line":9,"column":0},"end":{"line":9,"column":37}},"9":{"start":{"line":10,"column":0},"end":{"line":10,"column":44}},"10":{"start":{"line":11,"column":0},"end":{"line":11,"column":44}},"11":{"start":{"line":12,"column":0},"end":{"line":12,"column":44}},"12":{"start":{"line":16,"column":16},"end":{"line":35,"column":1}},"13":{"start":{"line":17,"column":18},"end":{"line":33,"column":4}},"14":{"start":{"line":18,"column":15},"end":{"line":18,"column":34}},"15":{"start":{"line":19,"column":4},"end":{"line":19,"column":46}},"16":{"start":{"line":19,"column":28},"end":{"line":19,"column":44}},"17":{"start":{"line":20,"column":4},"end":{"line":20,"column":61}},"18":{"start":{"line":20,"column":26},"end":{"line":20,"column":59}},"19":{"start":{"line":21,"column":4},"end":{"line":32,"column":null}},"20":{"start":{"line":22,"column":6},"end":{"line":22,"column":33}},"21":{"start":{"line":23,"column":6},"end":{"line":23,"column":57}},"22":{"start":{"line":24,"column":6},"end":{"line":24,"column":40}},"23":{"start":{"line":25,"column":6},"end":{"line":25,"column":34}},"24":{"start":{"line":26,"column":6},"end":{"line":26,"column":34}},"25":{"start":{"line":27,"column":6},"end":{"line":27,"column":34}},"26":{"start":{"line":28,"column":6},"end":{"line":28,"column":34}},"27":{"start":{"line":29,"column":6},"end":{"line":29,"column":34}},"28":{"start":{"line":31,"column":6},"end":{"line":31,"column":19}},"29":{"start":{"line":34,"column":2},"end":{"line":34,"column":17}},"30":{"start":{"line":37,"column":0},"end":{"line":37,"column":23}}},"fnMap":{"0":{"name":"(anonymous_1)","decl":{"start":{"line":16,"column":16},"end":{"line":16,"column":19}},"loc":{"start":{"line":16,"column":21},"end":{"line":35,"column":1}}},"1":{"name":"(anonymous_2)","decl":{"start":{"line":17,"column":39},"end":{"line":17,"column":40}},"loc":{"start":{"line":17,"column":51},"end":{"line":33,"column":3}}},"2":{"name":"(anonymous_3)","decl":{"start":{"line":19,"column":19},"end":{"line":19,"column":20}},"loc":{"start":{"line":19,"column":28},"end":{"line":19,"column":44}}},"3":{"name":"(anonymous_4)","decl":{"start":{"line":20,"column":20},"end":{"line":20,"column":23}},"loc":{"start":{"line":20,"column":26},"end":{"line":20,"column":59}}},"4":{"name":"(anonymous_5)","decl":{"start":{"line":21,"column":52},"end":{"line":21,"column":55}},"loc":{"start":{"line":21,"column":57},"end":{"line":32,"column":5}}}},"branchMap":{},"s":{"0":1,"1":1,"2":1,"3":1,"4":1,"5":1,"6":1,"7":1,"8":1,"9":1,"10":1,"11":1,"12":1,"13":1,"14":1,"15":1,"16":0,"17":1,"18":1,"19":1,"20":1,"21":1,"22":1,"23":1,"24":1,"25":1,"26":1,"27":1,"28":1,"29":1,"30":1},"f":{"0":1,"1":1,"2":0,"3":1,"4":1},"b":{}}
,"C:\\Users\\oranb\\Desktop\\Studies\\Fourth year\\Full_Stack_Course\\project\\Full_Stack_Course_Backend\\src\\common\\auth_middleware.ts": {"path":"C:\\Users\\oranb\\Desktop\\Studies\\Fourth year\\Full_Stack_Course\\project\\Full_Stack_Course_Backend\\src\\common\\auth_middleware.ts","statementMap":{"0":{"start":{"line":2,"column":0},"end":{"line":2,"column":31}},"1":{"start":{"line":5,"column":23},"end":{"line":23,"column":null}},"2":{"start":{"line":5,"column":81},"end":{"line":23,"column":null}},"3":{"start":{"line":6,"column":4},"end":{"line":6,"column":35}},"4":{"start":{"line":8,"column":23},"end":{"line":8,"column":51}},"5":{"start":{"line":10,"column":18},"end":{"line":10,"column":56}},"6":{"start":{"line":12,"column":4},"end":{"line":14,"column":5}},"7":{"start":{"line":13,"column":8},"end":{"line":13,"column":53}},"8":{"start":{"line":16,"column":4},"end":{"line":22,"column":7}},"9":{"start":{"line":17,"column":8},"end":{"line":19,"column":9}},"10":{"start":{"line":18,"column":12},"end":{"line":18,"column":57}},"11":{"start":{"line":20,"column":8},"end":{"line":20,"column":29}},"12":{"start":{"line":21,"column":8},"end":{"line":21,"column":15}},"13":{"start":{"line":25,"column":0},"end":{"line":25,"column":30}}},"fnMap":{"0":{"name":"(anonymous_8)","decl":{"start":{"line":5,"column":23},"end":{"line":5,"column":30}},"loc":{"start":{"line":5,"column":81},"end":{"line":23,"column":null}}},"1":{"name":"(anonymous_9)","decl":{"start":{"line":5,"column":81},"end":{"line":5,"column":null}},"loc":{"start":{"line":5,"column":81},"end":{"line":23,"column":1}}},"2":{"name":"(anonymous_10)","decl":{"start":{"line":16,"column":48},"end":{"line":16,"column":49}},"loc":{"start":{"line":16,"column":62},"end":{"line":22,"column":5}}}},"branchMap":{"0":{"loc":{"start":{"line":10,"column":18},"end":{"line":10,"column":56}},"type":"binary-expr","locations":[{"start":{"line":10,"column":18},"end":{"line":10,"column":28}},{"start":{"line":10,"column":32},"end":{"line":10,"column":56}}]},"1":{"loc":{"start":{"line":12,"column":4},"end":{"line":14,"column":5}},"type":"if","locations":[{"start":{"line":12,"column":4},"end":{"line":14,"column":5}}]},"2":{"loc":{"start":{"line":17,"column":8},"end":{"line":19,"column":9}},"type":"if","locations":[{"start":{"line":17,"column":8},"end":{"line":19,"column":9}}]}},"s":{"0":1,"1":1,"2":0,"3":0,"4":0,"5":0,"6":0,"7":0,"8":0,"9":0,"10":0,"11":0,"12":0,"13":1},"f":{"0":0,"1":0,"2":0},"b":{"0":[0,0],"1":[0],"2":[0]}}
,"C:\\Users\\oranb\\Desktop\\Studies\\Fourth year\\Full_Stack_Course\\project\\Full_Stack_Course_Backend\\src\\controllers\\auth_controller.ts": {"path":"C:\\Users\\oranb\\Desktop\\Studies\\Fourth year\\Full_Stack_Course\\project\\Full_Stack_Course_Backend\\src\\controllers\\auth_controller.ts","statementMap":{"0":{"start":{"line":2,"column":0},"end":{"line":2,"column":40}},"1":{"start":{"line":3,"column":0},"end":{"line":3,"column":28}},"2":{"start":{"line":4,"column":0},"end":{"line":4,"column":31}},"3":{"start":{"line":6,"column":17},"end":{"line":35,"column":null}},"4":{"start":{"line":6,"column":55},"end":{"line":35,"column":null}},"5":{"start":{"line":7,"column":4},"end":{"line":7,"column":26}},"6":{"start":{"line":8,"column":18},"end":{"line":8,"column":32}},"7":{"start":{"line":9,"column":21},"end":{"line":9,"column":38}},"8":{"start":{"line":10,"column":18},"end":{"line":10,"column":32}},"9":{"start":{"line":12,"column":4},"end":{"line":14,"column":5}},"10":{"start":{"line":13,"column":8},"end":{"line":13,"column":65}},"11":{"start":{"line":16,"column":4},"end":{"line":34,"column":5}},"12":{"start":{"line":17,"column":21},"end":{"line":17,"column":57}},"13":{"start":{"line":18,"column":8},"end":{"line":20,"column":9}},"14":{"start":{"line":19,"column":12},"end":{"line":19,"column":63}},"15":{"start":{"line":21,"column":21},"end":{"line":21,"column":45}},"16":{"start":{"line":22,"column":31},"end":{"line":22,"column":64}},"17":{"start":{"line":24,"column":24},"end":{"line":28,"column":10}},"18":{"start":{"line":30,"column":8},"end":{"line":30,"column":45}},"19":{"start":{"line":32,"column":8},"end":{"line":32,"column":27}},"20":{"start":{"line":33,"column":8},"end":{"line":33,"column":51}},"21":{"start":{"line":38,"column":23},"end":{"line":54,"column":1}},"22":{"start":{"line":39,"column":24},"end":{"line":43,"column":6}},"23":{"start":{"line":45,"column":25},"end":{"line":48,"column":40}},"24":{"start":{"line":50,"column":4},"end":{"line":53,"column":null}},"25":{"start":{"line":56,"column":14},"end":{"line":94,"column":null}},"26":{"start":{"line":56,"column":52},"end":{"line":94,"column":null}},"27":{"start":{"line":57,"column":4},"end":{"line":57,"column":25}},"28":{"start":{"line":59,"column":18},"end":{"line":59,"column":32}},"29":{"start":{"line":60,"column":21},"end":{"line":60,"column":38}},"30":{"start":{"line":62,"column":4},"end":{"line":64,"column":5}},"31":{"start":{"line":63,"column":8},"end":{"line":63,"column":65}},"32":{"start":{"line":66,"column":4},"end":{"line":93,"column":5}},"33":{"start":{"line":67,"column":21},"end":{"line":67,"column":57}},"34":{"start":{"line":69,"column":8},"end":{"line":71,"column":9}},"35":{"start":{"line":70,"column":12},"end":{"line":70,"column":69}},"36":{"start":{"line":73,"column":22},"end":{"line":73,"column":67}},"37":{"start":{"line":74,"column":8},"end":{"line":76,"column":9}},"38":{"start":{"line":75,"column":12},"end":{"line":75,"column":69}},"39":{"start":{"line":78,"column":46},"end":{"line":78,"column":81}},"40":{"start":{"line":80,"column":8},"end":{"line":84,"column":9}},"41":{"start":{"line":81,"column":12},"end":{"line":81,"column":41}},"42":{"start":{"line":83,"column":12},"end":{"line":83,"column":43}},"43":{"start":{"line":85,"column":8},"end":{"line":85,"column":26}},"44":{"start":{"line":86,"column":8},"end":{"line":89,"column":11}},"45":{"start":{"line":91,"column":8},"end":{"line":91,"column":27}},"46":{"start":{"line":92,"column":8},"end":{"line":92,"column":51}},"47":{"start":{"line":96,"column":15},"end":{"line":98,"column":1}},"48":{"start":{"line":97,"column":4},"end":{"line":97,"column":35}},"49":{"start":{"line":100,"column":16},"end":{"line":143,"column":null}},"50":{"start":{"line":100,"column":54},"end":{"line":143,"column":null}},"51":{"start":{"line":102,"column":23},"end":{"line":102,"column":51}},"52":{"start":{"line":103,"column":29},"end":{"line":103,"column":67}},"53":{"start":{"line":105,"column":4},"end":{"line":107,"column":5}},"54":{"start":{"line":106,"column":8},"end":{"line":106,"column":53}},"55":{"start":{"line":110,"column":4},"end":{"line":142,"column":7}},"56":{"start":{"line":110,"column":108},"end":{"line":142,"column":6}},"57":{"start":{"line":111,"column":8},"end":{"line":113,"column":9}},"58":{"start":{"line":112,"column":12},"end":{"line":112,"column":57}},"59":{"start":{"line":115,"column":8},"end":{"line":141,"column":9}},"60":{"start":{"line":116,"column":25},"end":{"line":116,"column":58}},"61":{"start":{"line":117,"column":12},"end":{"line":123,"column":13}},"62":{"start":{"line":118,"column":16},"end":{"line":121,"column":17}},"63":{"start":{"line":119,"column":20},"end":{"line":119,"column":37}},"64":{"start":{"line":120,"column":20},"end":{"line":120,"column":38}},"65":{"start":{"line":122,"column":16},"end":{"line":122,"column":61}},"66":{"start":{"line":126,"column":50},"end":{"line":126,"column":85}},"67":{"start":{"line":129,"column":12},"end":{"line":129,"column":81}},"68":{"start":{"line":129,"column":54},"end":{"line":129,"column":79}},"69":{"start":{"line":130,"column":12},"end":{"line":130,"column":43}},"70":{"start":{"line":131,"column":12},"end":{"line":131,"column":30}},"71":{"start":{"line":134,"column":12},"end":{"line":137,"column":15}},"72":{"start":{"line":139,"column":12},"end":{"line":139,"column":31}},"73":{"start":{"line":140,"column":12},"end":{"line":140,"column":55}},"74":{"start":{"line":145,"column":0},"end":{"line":150,"column":null}}},"fnMap":{"0":{"name":"(anonymous_8)","decl":{"start":{"line":6,"column":17},"end":{"line":6,"column":24}},"loc":{"start":{"line":6,"column":55},"end":{"line":35,"column":null}}},"1":{"name":"(anonymous_9)","decl":{"start":{"line":6,"column":55},"end":{"line":6,"column":null}},"loc":{"start":{"line":6,"column":55},"end":{"line":35,"column":1}}},"2":{"name":"(anonymous_10)","decl":{"start":{"line":38,"column":23},"end":{"line":38,"column":24}},"loc":{"start":{"line":38,"column":89},"end":{"line":54,"column":1}}},"3":{"name":"(anonymous_11)","decl":{"start":{"line":56,"column":14},"end":{"line":56,"column":21}},"loc":{"start":{"line":56,"column":52},"end":{"line":94,"column":null}}},"4":{"name":"(anonymous_12)","decl":{"start":{"line":56,"column":52},"end":{"line":56,"column":null}},"loc":{"start":{"line":56,"column":52},"end":{"line":94,"column":1}}},"5":{"name":"(anonymous_13)","decl":{"start":{"line":96,"column":15},"end":{"line":96,"column":16}},"loc":{"start":{"line":96,"column":47},"end":{"line":98,"column":1}}},"6":{"name":"(anonymous_14)","decl":{"start":{"line":100,"column":16},"end":{"line":100,"column":23}},"loc":{"start":{"line":100,"column":54},"end":{"line":143,"column":null}}},"7":{"name":"(anonymous_15)","decl":{"start":{"line":100,"column":54},"end":{"line":100,"column":null}},"loc":{"start":{"line":100,"column":54},"end":{"line":143,"column":1}}},"8":{"name":"(anonymous_16)","decl":{"start":{"line":110,"column":67},"end":{"line":110,"column":74}},"loc":{"start":{"line":110,"column":108},"end":{"line":142,"column":6}}},"9":{"name":"(anonymous_17)","decl":{"start":{"line":110,"column":108},"end":{"line":110,"column":null}},"loc":{"start":{"line":110,"column":108},"end":{"line":142,"column":5}}},"10":{"name":"(anonymous_18)","decl":{"start":{"line":129,"column":45},"end":{"line":129,"column":50}},"loc":{"start":{"line":129,"column":54},"end":{"line":129,"column":79}}}},"branchMap":{"0":{"loc":{"start":{"line":12,"column":4},"end":{"line":14,"column":5}},"type":"if","locations":[{"start":{"line":12,"column":4},"end":{"line":14,"column":5}}]},"1":{"loc":{"start":{"line":12,"column":8},"end":{"line":12,"column":58}},"type":"binary-expr","locations":[{"start":{"line":12,"column":8},"end":{"line":12,"column":21}},{"start":{"line":12,"column":25},"end":{"line":12,"column":41}},{"start":{"line":12,"column":45},"end":{"line":12,"column":58}}]},"2":{"loc":{"start":{"line":18,"column":8},"end":{"line":20,"column":9}},"type":"if","locations":[{"start":{"line":18,"column":8},"end":{"line":20,"column":9}}]},"3":{"loc":{"start":{"line":62,"column":4},"end":{"line":64,"column":5}},"type":"if","locations":[{"start":{"line":62,"column":4},"end":{"line":64,"column":5}}]},"4":{"loc":{"start":{"line":62,"column":8},"end":{"line":62,"column":41}},"type":"binary-expr","locations":[{"start":{"line":62,"column":8},"end":{"line":62,"column":21}},{"start":{"line":62,"column":25},"end":{"line":62,"column":41}}]},"5":{"loc":{"start":{"line":69,"column":8},"end":{"line":71,"column":9}},"type":"if","locations":[{"start":{"line":69,"column":8},"end":{"line":71,"column":9}}]},"6":{"loc":{"start":{"line":74,"column":8},"end":{"line":76,"column":9}},"type":"if","locations":[{"start":{"line":74,"column":8},"end":{"line":76,"column":9}}]},"7":{"loc":{"start":{"line":80,"column":8},"end":{"line":84,"column":9}},"type":"if","locations":[{"start":{"line":80,"column":8},"end":{"line":84,"column":9}},{"start":{"line":82,"column":15},"end":{"line":84,"column":9}}]},"8":{"loc":{"start":{"line":103,"column":29},"end":{"line":103,"column":67}},"type":"binary-expr","locations":[{"start":{"line":103,"column":29},"end":{"line":103,"column":39}},{"start":{"line":103,"column":43},"end":{"line":103,"column":67}}]},"9":{"loc":{"start":{"line":105,"column":4},"end":{"line":107,"column":5}},"type":"if","locations":[{"start":{"line":105,"column":4},"end":{"line":107,"column":5}}]},"10":{"loc":{"start":{"line":111,"column":8},"end":{"line":113,"column":9}},"type":"if","locations":[{"start":{"line":111,"column":8},"end":{"line":113,"column":9}}]},"11":{"loc":{"start":{"line":117,"column":12},"end":{"line":123,"column":13}},"type":"if","locations":[{"start":{"line":117,"column":12},"end":{"line":123,"column":13}}]},"12":{"loc":{"start":{"line":117,"column":16},"end":{"line":117,"column":94}},"type":"binary-expr","locations":[{"start":{"line":117,"column":16},"end":{"line":117,"column":28}},{"start":{"line":117,"column":32},"end":{"line":117,"column":51}},{"start":{"line":117,"column":55},"end":{"line":117,"column":94}}]},"13":{"loc":{"start":{"line":118,"column":16},"end":{"line":121,"column":17}},"type":"if","locations":[{"start":{"line":118,"column":16},"end":{"line":121,"column":17}}]}},"s":{"0":1,"1":1,"2":1,"3":1,"4":0,"5":0,"6":0,"7":0,"8":0,"9":0,"10":0,"11":0,"12":0,"13":0,"14":0,"15":0,"16":0,"17":0,"18":0,"19":0,"20":0,"21":1,"22":0,"23":0,"24":0,"25":1,"26":0,"27":0,"28":0,"29":0,"30":0,"31":0,"32":0,"33":0,"34":0,"35":0,"36":0,"37":0,"38":0,"39":0,"40":0,"41":0,"42":0,"43":0,"44":0,"45":0,"46":0,"47":1,"48":0,"49":1,"50":0,"51":0,"52":0,"53":0,"54":0,"55":0,"56":0,"57":0,"58":0,"59":0,"60":0,"61":0,"62":0,"63":0,"64":0,"65":0,"66":0,"67":0,"68":0,"69":0,"70":0,"71":0,"72":0,"73":0,"74":1},"f":{"0":0,"1":0,"2":0,"3":0,"4":0,"5":0,"6":0,"7":0,"8":0,"9":0,"10":0},"b":{"0":[0],"1":[0,0,0],"2":[0],"3":[0],"4":[0,0],"5":[0],"6":[0],"7":[0,0],"8":[0,0],"9":[0],"10":[0],"11":[0],"12":[0,0,0],"13":[0]}}
,"C:\\Users\\oranb\\Desktop\\Studies\\Fourth year\\Full_Stack_Course\\project\\Full_Stack_Course_Backend\\src\\controllers\\base_controller.ts": {"path":"C:\\Users\\oranb\\Desktop\\Studies\\Fourth year\\Full_Stack_Course\\project\\Full_Stack_Course_Backend\\src\\controllers\\base_controller.ts","statementMap":{"0":{"start":{"line":8,"column":4},"end":{"line":8,"column":31}},"1":{"start":{"line":12,"column":4},"end":{"line":12,"column":23}},"2":{"start":{"line":13,"column":4},"end":{"line":32,"column":5}},"3":{"start":{"line":15,"column":6},"end":{"line":28,"column":7}},"4":{"start":{"line":16,"column":21},"end":{"line":16,"column":74}},"5":{"start":{"line":17,"column":8},"end":{"line":17,"column":35}},"6":{"start":{"line":20,"column":11},"end":{"line":28,"column":7}},"7":{"start":{"line":21,"column":21},"end":{"line":21,"column":74}},"8":{"start":{"line":22,"column":8},"end":{"line":22,"column":35}},"9":{"start":{"line":26,"column":21},"end":{"line":26,"column":48}},"10":{"start":{"line":27,"column":8},"end":{"line":27,"column":35}},"11":{"start":{"line":30,"column":8},"end":{"line":30,"column":27}},"12":{"start":{"line":31,"column":8},"end":{"line":31,"column":44}},"13":{"start":{"line":37,"column":4},"end":{"line":37,"column":28}},"14":{"start":{"line":38,"column":4},"end":{"line":49,"column":5}},"15":{"start":{"line":40,"column":19},"end":{"line":40,"column":63}},"16":{"start":{"line":41,"column":6},"end":{"line":45,"column":7}},"17":{"start":{"line":42,"column":8},"end":{"line":42,"column":49}},"18":{"start":{"line":44,"column":8},"end":{"line":44,"column":42}},"19":{"start":{"line":47,"column":6},"end":{"line":47,"column":25}},"20":{"start":{"line":48,"column":6},"end":{"line":48,"column":42}},"21":{"start":{"line":54,"column":4},"end":{"line":54,"column":35}},"22":{"start":{"line":55,"column":4},"end":{"line":62,"column":5}},"23":{"start":{"line":57,"column":19},"end":{"line":57,"column":56}},"24":{"start":{"line":58,"column":6},"end":{"line":58,"column":33}},"25":{"start":{"line":60,"column":6},"end":{"line":60,"column":25}},"26":{"start":{"line":61,"column":6},"end":{"line":61,"column":42}},"27":{"start":{"line":67,"column":19},"end":{"line":67,"column":32}},"28":{"start":{"line":68,"column":23},"end":{"line":68,"column":31}},"29":{"start":{"line":70,"column":4},"end":{"line":92,"column":5}},"30":{"start":{"line":72,"column":21},"end":{"line":76,"column":8}},"31":{"start":{"line":79,"column":6},"end":{"line":88,"column":7}},"32":{"start":{"line":81,"column":8},"end":{"line":81,"column":51}},"33":{"start":{"line":82,"column":13},"end":{"line":88,"column":7}},"34":{"start":{"line":84,"column":8},"end":{"line":84,"column":68}},"35":{"start":{"line":87,"column":8},"end":{"line":87,"column":66}},"36":{"start":{"line":90,"column":6},"end":{"line":90,"column":25}},"37":{"start":{"line":91,"column":6},"end":{"line":91,"column":42}},"38":{"start":{"line":97,"column":4},"end":{"line":97,"column":42}},"39":{"start":{"line":98,"column":4},"end":{"line":105,"column":5}},"40":{"start":{"line":100,"column":6},"end":{"line":100,"column":60}},"41":{"start":{"line":101,"column":6},"end":{"line":101,"column":36}},"42":{"start":{"line":103,"column":6},"end":{"line":103,"column":25}},"43":{"start":{"line":104,"column":6},"end":{"line":104,"column":42}},"44":{"start":{"line":110,"column":0},"end":{"line":110,"column":31}}},"fnMap":{"0":{"name":"(anonymous_7)","decl":{"start":{"line":7,"column":2},"end":{"line":7,"column":14}},"loc":{"start":{"line":7,"column":49},"end":{"line":9,"column":3}}},"1":{"name":"(anonymous_8)","decl":{"start":{"line":11,"column":8},"end":{"line":11,"column":11}},"loc":{"start":{"line":11,"column":37},"end":{"line":33,"column":null}}},"2":{"name":"(anonymous_10)","decl":{"start":{"line":36,"column":8},"end":{"line":36,"column":15}},"loc":{"start":{"line":36,"column":41},"end":{"line":50,"column":null}}},"3":{"name":"(anonymous_12)","decl":{"start":{"line":53,"column":9},"end":{"line":53,"column":13}},"loc":{"start":{"line":53,"column":39},"end":{"line":63,"column":null}}},"4":{"name":"(anonymous_14)","decl":{"start":{"line":66,"column":9},"end":{"line":66,"column":12}},"loc":{"start":{"line":66,"column":38},"end":{"line":93,"column":null}}},"5":{"name":"(anonymous_16)","decl":{"start":{"line":96,"column":9},"end":{"line":96,"column":15}},"loc":{"start":{"line":96,"column":41},"end":{"line":106,"column":null}}}},"branchMap":{"0":{"loc":{"start":{"line":15,"column":6},"end":{"line":28,"column":7}},"type":"if","locations":[{"start":{"line":15,"column":6},"end":{"line":28,"column":7}},{"start":{"line":20,"column":11},"end":{"line":28,"column":7}}]},"1":{"loc":{"start":{"line":20,"column":11},"end":{"line":28,"column":7}},"type":"if","locations":[{"start":{"line":20,"column":11},"end":{"line":28,"column":7}},{"start":{"line":24,"column":11},"end":{"line":28,"column":7}}]},"2":{"loc":{"start":{"line":41,"column":6},"end":{"line":45,"column":7}},"type":"if","locations":[{"start":{"line":41,"column":6},"end":{"line":45,"column":7}},{"start":{"line":43,"column":11},"end":{"line":45,"column":7}}]},"3":{"loc":{"start":{"line":79,"column":6},"end":{"line":88,"column":7}},"type":"if","locations":[{"start":{"line":79,"column":6},"end":{"line":88,"column":7}},{"start":{"line":82,"column":13},"end":{"line":88,"column":7}}]},"4":{"loc":{"start":{"line":82,"column":13},"end":{"line":88,"column":7}},"type":"if","locations":[{"start":{"line":82,"column":13},"end":{"line":88,"column":7}},{"start":{"line":85,"column":13},"end":{"line":88,"column":7}}]}},"s":{"0":4,"1":0,"2":0,"3":0,"4":0,"5":0,"6":0,"7":0,"8":0,"9":0,"10":0,"11":0,"12":0,"13":0,"14":0,"15":0,"16":0,"17":0,"18":0,"19":0,"20":0,"21":0,"22":0,"23":0,"24":0,"25":0,"26":0,"27":0,"28":0,"29":0,"30":0,"31":0,"32":0,"33":0,"34":0,"35":0,"36":0,"37":0,"38":0,"39":0,"40":0,"41":0,"42":0,"43":0,"44":1},"f":{"0":4,"1":0,"2":0,"3":0,"4":0,"5":0},"b":{"0":[0,0],"1":[0,0],"2":[0,0],"3":[0,0],"4":[0,0]}}
,"C:\\Users\\oranb\\Desktop\\Studies\\Fourth year\\Full_Stack_Course\\project\\Full_Stack_Course_Backend\\src\\controllers\\item_controller.ts": {"path":"C:\\Users\\oranb\\Desktop\\Studies\\Fourth year\\Full_Stack_Course\\project\\Full_Stack_Course_Backend\\src\\controllers\\item_controller.ts","statementMap":{"0":{"start":{"line":2,"column":0},"end":{"line":2,"column":40}},"1":{"start":{"line":3,"column":0},"end":{"line":3,"column":48}},"2":{"start":{"line":6,"column":23},"end":{"line":6,"column":54}},"3":{"start":{"line":9,"column":0},"end":{"line":9,"column":30}}},"fnMap":{},"branchMap":{},"s":{"0":1,"1":1,"2":1,"3":1},"f":{},"b":{}}
,"C:\\Users\\oranb\\Desktop\\Studies\\Fourth year\\Full_Stack_Course\\project\\Full_Stack_Course_Backend\\src\\controllers\\post_controller.ts": {"path":"C:\\Users\\oranb\\Desktop\\Studies\\Fourth year\\Full_Stack_Course\\project\\Full_Stack_Course_Backend\\src\\controllers\\post_controller.ts","statementMap":{"0":{"start":{"line":2,"column":0},"end":{"line":2,"column":40}},"1":{"start":{"line":3,"column":0},"end":{"line":3,"column":48}},"2":{"start":{"line":11,"column":8},"end":{"line":11,"column":20}},"3":{"start":{"line":15,"column":8},"end":{"line":15,"column":43}},"4":{"start":{"line":16,"column":8},"end":{"line":16,"column":29}},"5":{"start":{"line":21,"column":0},"end":{"line":21,"column":null}}},"fnMap":{"0":{"name":"(anonymous_8)","decl":{"start":{"line":10,"column":4},"end":{"line":10,"column":null}},"loc":{"start":{"line":10,"column":4},"end":{"line":12,"column":5}}},"1":{"name":"(anonymous_9)","decl":{"start":{"line":14,"column":10},"end":{"line":14,"column":14}},"loc":{"start":{"line":14,"column":42},"end":{"line":17,"column":null}}}},"branchMap":{},"s":{"0":1,"1":1,"2":1,"3":0,"4":0,"5":1},"f":{"0":1,"1":0},"b":{}}
,"C:\\Users\\oranb\\Desktop\\Studies\\Fourth year\\Full_Stack_Course\\project\\Full_Stack_Course_Backend\\src\\controllers\\student_controller.ts": {"path":"C:\\Users\\oranb\\Desktop\\Studies\\Fourth year\\Full_Stack_Course\\project\\Full_Stack_Course_Backend\\src\\controllers\\student_controller.ts","statementMap":{"0":{"start":{"line":2,"column":0},"end":{"line":2,"column":46}},"1":{"start":{"line":3,"column":0},"end":{"line":3,"column":48}},"2":{"start":{"line":6,"column":26},"end":{"line":6,"column":63}},"3":{"start":{"line":9,"column":0},"end":{"line":9,"column":null}}},"fnMap":{},"branchMap":{},"s":{"0":1,"1":1,"2":1,"3":1},"f":{},"b":{}}
,"C:\\Users\\oranb\\Desktop\\Studies\\Fourth year\\Full_Stack_Course\\project\\Full_Stack_Course_Backend\\src\\controllers\\user_controller.ts": {"path":"C:\\Users\\oranb\\Desktop\\Studies\\Fourth year\\Full_Stack_Course\\project\\Full_Stack_Course_Backend\\src\\controllers\\user_controller.ts","statementMap":{"0":{"start":{"line":2,"column":0},"end":{"line":2,"column":40}},"1":{"start":{"line":3,"column":0},"end":{"line":3,"column":48}},"2":{"start":{"line":6,"column":23},"end":{"line":6,"column":54}},"3":{"start":{"line":9,"column":0},"end":{"line":9,"column":null}}},"fnMap":{},"branchMap":{},"s":{"0":1,"1":1,"2":1,"3":1},"f":{},"b":{}}
,"C:\\Users\\oranb\\Desktop\\Studies\\Fourth year\\Full_Stack_Course\\project\\Full_Stack_Course_Backend\\src\\models\\item_model.ts": {"path":"C:\\Users\\oranb\\Desktop\\Studies\\Fourth year\\Full_Stack_Course\\project\\Full_Stack_Course_Backend\\src\\models\\item_model.ts","statementMap":{"0":{"start":{"line":1,"column":0},"end":{"line":1,"column":32}},"1":{"start":{"line":8,"column":19},"end":{"line":18,"column":2}},"2":{"start":{"line":20,"column":0},"end":{"line":20,"column":56}}},"fnMap":{},"branchMap":{},"s":{"0":1,"1":1,"2":1},"f":{},"b":{}}
,"C:\\Users\\oranb\\Desktop\\Studies\\Fourth year\\Full_Stack_Course\\project\\Full_Stack_Course_Backend\\src\\models\\post_model.ts": {"path":"C:\\Users\\oranb\\Desktop\\Studies\\Fourth year\\Full_Stack_Course\\project\\Full_Stack_Course_Backend\\src\\models\\post_model.ts","statementMap":{"0":{"start":{"line":1,"column":0},"end":{"line":1,"column":32}},"1":{"start":{"line":9,"column":19},"end":{"line":23,"column":2}},"2":{"start":{"line":25,"column":0},"end":{"line":25,"column":56}}},"fnMap":{},"branchMap":{},"s":{"0":1,"1":1,"2":1},"f":{},"b":{}}
,"C:\\Users\\oranb\\Desktop\\Studies\\Fourth year\\Full_Stack_Course\\project\\Full_Stack_Course_Backend\\src\\models\\student_model.ts": {"path":"C:\\Users\\oranb\\Desktop\\Studies\\Fourth year\\Full_Stack_Course\\project\\Full_Stack_Course_Backend\\src\\models\\student_model.ts","statementMap":{"0":{"start":{"line":1,"column":0},"end":{"line":1,"column":32}},"1":{"start":{"line":10,"column":22},"end":{"line":23,"column":2}},"2":{"start":{"line":25,"column":0},"end":{"line":25,"column":65}}},"fnMap":{},"branchMap":{},"s":{"0":1,"1":1,"2":1},"f":{},"b":{}}
,"C:\\Users\\oranb\\Desktop\\Studies\\Fourth year\\Full_Stack_Course\\project\\Full_Stack_Course_Backend\\src\\models\\user_model.ts": {"path":"C:\\Users\\oranb\\Desktop\\Studies\\Fourth year\\Full_Stack_Course\\project\\Full_Stack_Course_Backend\\src\\models\\user_model.ts","statementMap":{"0":{"start":{"line":1,"column":0},"end":{"line":1,"column":32}},"1":{"start":{"line":10,"column":19},"end":{"line":25,"column":2}},"2":{"start":{"line":27,"column":0},"end":{"line":27,"column":56}}},"fnMap":{},"branchMap":{},"s":{"0":1,"1":1,"2":1},"f":{},"b":{}}
,"C:\\Users\\oranb\\Desktop\\Studies\\Fourth year\\Full_Stack_Course\\project\\Full_Stack_Course_Backend\\src\\routes\\auth_route.ts": {"path":"C:\\Users\\oranb\\Desktop\\Studies\\Fourth year\\Full_Stack_Course\\project\\Full_Stack_Course_Backend\\src\\routes\\auth_route.ts","statementMap":{"0":{"start":{"line":1,"column":0},"end":{"line":1,"column":30}},"1":{"start":{"line":2,"column":15},"end":{"line":2,"column":31}},"2":{"start":{"line":3,"column":0},"end":{"line":3,"column":60}},"3":{"start":{"line":79,"column":0},"end":{"line":79,"column":49}},"4":{"start":{"line":102,"column":0},"end":{"line":102,"column":43}},"5":{"start":{"line":118,"column":0},"end":{"line":118,"column":44}},"6":{"start":{"line":137,"column":0},"end":{"line":137,"column":46}},"7":{"start":{"line":139,"column":0},"end":{"line":139,"column":22}}},"fnMap":{},"branchMap":{},"s":{"0":1,"1":1,"2":1,"3":1,"4":1,"5":1,"6":1,"7":1},"f":{},"b":{}}
,"C:\\Users\\oranb\\Desktop\\Studies\\Fourth year\\Full_Stack_Course\\project\\Full_Stack_Course_Backend\\src\\routes\\file_route.ts": {"path":"C:\\Users\\oranb\\Desktop\\Studies\\Fourth year\\Full_Stack_Course\\project\\Full_Stack_Course_Backend\\src\\routes\\file_route.ts","statementMap":{"0":{"start":{"line":1,"column":0},"end":{"line":1,"column":30}},"1":{"start":{"line":2,"column":0},"end":{"line":2,"column":28}},"2":{"start":{"line":4,"column":15},"end":{"line":4,"column":31}},"3":{"start":{"line":6,"column":13},"end":{"line":6,"column":40}},"4":{"start":{"line":8,"column":16},"end":{"line":17,"column":2}},"5":{"start":{"line":10,"column":4},"end":{"line":10,"column":null}},"6":{"start":{"line":13,"column":4},"end":{"line":13,"column":null}},"7":{"start":{"line":14,"column":25},"end":{"line":14,"column":44}},"8":{"start":{"line":15,"column":4},"end":{"line":15,"column":null}},"9":{"start":{"line":19,"column":15},"end":{"line":19,"column":43}},"10":{"start":{"line":21,"column":0},"end":{"line":24,"column":3}},"11":{"start":{"line":22,"column":2},"end":{"line":22,"column":null}},"12":{"start":{"line":23,"column":2},"end":{"line":23,"column":null}},"13":{"start":{"line":34,"column":0},"end":{"line":34,"column":22}}},"fnMap":{"0":{"name":"(anonymous_1)","decl":{"start":{"line":9,"column":15},"end":{"line":9,"column":25}},"loc":{"start":{"line":9,"column":38},"end":{"line":11,"column":3}}},"1":{"name":"(anonymous_2)","decl":{"start":{"line":12,"column":12},"end":{"line":12,"column":22}},"loc":{"start":{"line":12,"column":35},"end":{"line":16,"column":3}}},"2":{"name":"(anonymous_3)","decl":{"start":{"line":21,"column":44},"end":{"line":21,"column":54}},"loc":{"start":{"line":21,"column":62},"end":{"line":24,"column":1}}}},"branchMap":{},"s":{"0":1,"1":1,"2":1,"3":1,"4":1,"5":1,"6":1,"7":1,"8":1,"9":1,"10":1,"11":1,"12":1,"13":1},"f":{"0":1,"1":1,"2":1},"b":{}}
,"C:\\Users\\oranb\\Desktop\\Studies\\Fourth year\\Full_Stack_Course\\project\\Full_Stack_Course_Backend\\src\\routes\\item_route.ts": {"path":"C:\\Users\\oranb\\Desktop\\Studies\\Fourth year\\Full_Stack_Course\\project\\Full_Stack_Course_Backend\\src\\routes\\item_route.ts","statementMap":{"0":{"start":{"line":1,"column":0},"end":{"line":1,"column":30}},"1":{"start":{"line":2,"column":15},"end":{"line":2,"column":31}},"2":{"start":{"line":3,"column":0},"end":{"line":3,"column":60}},"3":{"start":{"line":4,"column":0},"end":{"line":4,"column":55}},"4":{"start":{"line":58,"column":0},"end":{"line":58,"column":73}},"5":{"start":{"line":88,"column":0},"end":{"line":88,"column":79}},"6":{"start":{"line":114,"column":0},"end":{"line":114,"column":75}},"7":{"start":{"line":146,"column":0},"end":{"line":146,"column":76}},"8":{"start":{"line":172,"column":0},"end":{"line":172,"column":82}},"9":{"start":{"line":174,"column":0},"end":{"line":174,"column":22}}},"fnMap":{},"branchMap":{},"s":{"0":1,"1":1,"2":1,"3":1,"4":1,"5":1,"6":1,"7":1,"8":1,"9":1},"f":{},"b":{}}
,"C:\\Users\\oranb\\Desktop\\Studies\\Fourth year\\Full_Stack_Course\\project\\Full_Stack_Course_Backend\\src\\routes\\post_route.ts": {"path":"C:\\Users\\oranb\\Desktop\\Studies\\Fourth year\\Full_Stack_Course\\project\\Full_Stack_Course_Backend\\src\\routes\\post_route.ts","statementMap":{"0":{"start":{"line":1,"column":0},"end":{"line":1,"column":30}},"1":{"start":{"line":2,"column":15},"end":{"line":2,"column":31}},"2":{"start":{"line":3,"column":0},"end":{"line":3,"column":60}},"3":{"start":{"line":4,"column":0},"end":{"line":4,"column":55}},"4":{"start":{"line":60,"column":0},"end":{"line":60,"column":72}},"5":{"start":{"line":89,"column":0},"end":{"line":89,"column":79}},"6":{"start":{"line":115,"column":0},"end":{"line":115,"column":74}},"7":{"start":{"line":146,"column":0},"end":{"line":146,"column":75}},"8":{"start":{"line":171,"column":0},"end":{"line":171,"column":81}},"9":{"start":{"line":173,"column":0},"end":{"line":173,"column":22}}},"fnMap":{},"branchMap":{},"s":{"0":1,"1":1,"2":1,"3":1,"4":1,"5":1,"6":1,"7":1,"8":1,"9":1},"f":{},"b":{}}
,"C:\\Users\\oranb\\Desktop\\Studies\\Fourth year\\Full_Stack_Course\\project\\Full_Stack_Course_Backend\\src\\routes\\student_route.ts": {"path":"C:\\Users\\oranb\\Desktop\\Studies\\Fourth year\\Full_Stack_Course\\project\\Full_Stack_Course_Backend\\src\\routes\\student_route.ts","statementMap":{"0":{"start":{"line":1,"column":0},"end":{"line":1,"column":30}},"1":{"start":{"line":2,"column":15},"end":{"line":2,"column":31}},"2":{"start":{"line":3,"column":0},"end":{"line":3,"column":66}},"3":{"start":{"line":4,"column":0},"end":{"line":4,"column":55}},"4":{"start":{"line":59,"column":0},"end":{"line":59,"column":78}},"5":{"start":{"line":85,"column":0},"end":{"line":85,"column":85}},"6":{"start":{"line":110,"column":0},"end":{"line":110,"column":80}},"7":{"start":{"line":148,"column":0},"end":{"line":148,"column":81}},"8":{"start":{"line":175,"column":0},"end":{"line":175,"column":87}},"9":{"start":{"line":178,"column":0},"end":{"line":178,"column":22}}},"fnMap":{},"branchMap":{},"s":{"0":1,"1":1,"2":1,"3":1,"4":1,"5":1,"6":1,"7":1,"8":1,"9":1},"f":{},"b":{}}
,"C:\\Users\\oranb\\Desktop\\Studies\\Fourth year\\Full_Stack_Course\\project\\Full_Stack_Course_Backend\\src\\routes\\user_route.ts": {"path":"C:\\Users\\oranb\\Desktop\\Studies\\Fourth year\\Full_Stack_Course\\project\\Full_Stack_Course_Backend\\src\\routes\\user_route.ts","statementMap":{"0":{"start":{"line":1,"column":0},"end":{"line":1,"column":30}},"1":{"start":{"line":2,"column":15},"end":{"line":2,"column":31}},"2":{"start":{"line":3,"column":0},"end":{"line":3,"column":60}},"3":{"start":{"line":4,"column":0},"end":{"line":4,"column":55}},"4":{"start":{"line":59,"column":0},"end":{"line":59,"column":71}},"5":{"start":{"line":85,"column":0},"end":{"line":85,"column":79}},"6":{"start":{"line":110,"column":0},"end":{"line":110,"column":59}},"7":{"start":{"line":149,"column":0},"end":{"line":149,"column":75}},"8":{"start":{"line":176,"column":0},"end":{"line":176,"column":81}},"9":{"start":{"line":179,"column":0},"end":{"line":179,"column":22}}},"fnMap":{},"branchMap":{},"s":{"0":1,"1":1,"2":1,"3":1,"4":1,"5":1,"6":1,"7":1,"8":1,"9":1},"f":{},"b":{}}
}
