TN:
SF:src\Server.ts
FN:12,(anonymous_1)
FN:13,(anonymous_2)
FN:15,(anonymous_3)
FN:16,(anonymous_4)
FN:17,(anonymous_5)
FNF:5
FNH:4
FNDA:1,(anonymous_1)
FNDA:1,(anonymous_2)
FNDA:0,(anonymous_3)
FNDA:1,(anonymous_4)
FNDA:1,(anonymous_5)
DA:1,1
DA:2,1
DA:3,1
DA:4,1
DA:5,1
DA:6,1
DA:7,1
DA:8,1
DA:9,1
DA:10,1
DA:12,1
DA:13,1
DA:14,1
DA:15,1
DA:16,1
DA:17,1
DA:18,1
DA:19,1
DA:20,1
DA:21,1
DA:22,1
DA:23,1
DA:24,1
DA:27,1
DA:30,1
LF:25
LH:25
BRF:0
BRH:0
end_of_record
TN:
SF:src\common\auth_middleware.ts
FN:5,(anonymous_8)
FN:5,(anonymous_9)
FN:16,(anonymous_10)
FNF:3
FNH:3
FNDA:13,(anonymous_8)
FNDA:13,(anonymous_9)
FNDA:13,(anonymous_10)
DA:2,1
DA:5,13
DA:6,13
DA:8,13
DA:10,13
DA:12,13
DA:13,0
DA:16,13
DA:17,13
DA:18,0
DA:20,13
DA:21,13
DA:25,1
LF:13
LH:11
BRDA:10,0,0,13
BRDA:10,0,1,13
BRDA:12,1,0,0
BRDA:17,2,0,0
BRF:4
BRH:2
end_of_record
TN:
SF:src\controllers\auth_controller.ts
FN:6,(anonymous_8)
FN:6,(anonymous_9)
FN:36,(anonymous_10)
FN:54,(anonymous_11)
FN:54,(anonymous_12)
FN:94,(anonymous_13)
FN:98,(anonymous_14)
FN:98,(anonymous_15)
FN:108,(anonymous_16)
FN:108,(anonymous_17)
FN:127,(anonymous_18)
FNF:11
FNH:5
FNDA:1,(anonymous_8)
FNDA:1,(anonymous_9)
FNDA:1,(anonymous_10)
FNDA:1,(anonymous_11)
FNDA:1,(anonymous_12)
FNDA:0,(anonymous_13)
FNDA:0,(anonymous_14)
FNDA:0,(anonymous_15)
FNDA:0,(anonymous_16)
FNDA:0,(anonymous_17)
FNDA:0,(anonymous_18)
DA:2,1
DA:3,1
DA:4,1
DA:6,1
DA:7,1
DA:8,1
DA:9,1
DA:11,1
DA:12,0
DA:15,1
DA:16,1
DA:17,1
DA:18,0
DA:20,1
DA:21,1
DA:23,1
DA:28,1
DA:30,0
DA:31,0
DA:36,1
DA:37,1
DA:43,1
DA:48,1
DA:54,1
DA:55,1
DA:57,1
DA:58,1
DA:60,1
DA:61,0
DA:64,1
DA:65,1
DA:67,1
DA:68,0
DA:71,1
DA:72,1
DA:73,0
DA:76,1
DA:78,1
DA:79,0
DA:81,1
DA:83,1
DA:84,1
DA:89,0
DA:90,0
DA:94,1
DA:95,0
DA:98,1
DA:100,0
DA:101,0
DA:103,0
DA:104,0
DA:108,0
DA:109,0
DA:110,0
DA:113,0
DA:114,0
DA:115,0
DA:116,0
DA:117,0
DA:118,0
DA:120,0
DA:124,0
DA:127,0
DA:128,0
DA:129,0
DA:132,0
DA:137,0
DA:138,0
DA:143,1
LF:69
LH:37
BRDA:11,0,0,0
BRDA:11,1,0,1
BRDA:11,1,1,1
BRDA:17,2,0,0
BRDA:60,3,0,0
BRDA:60,4,0,1
BRDA:60,4,1,1
BRDA:67,5,0,0
BRDA:72,6,0,0
BRDA:78,7,0,0
BRDA:78,7,1,1
BRDA:101,8,0,0
BRDA:101,8,1,0
BRDA:103,9,0,0
BRDA:109,10,0,0
BRDA:115,11,0,0
BRDA:115,12,0,0
BRDA:115,12,1,0
BRDA:115,12,2,0
BRDA:116,13,0,0
BRF:20
BRH:5
end_of_record
TN:
SF:src\controllers\base_controller.ts
FN:7,(anonymous_7)
FN:11,(anonymous_8)
FN:30,(anonymous_10)
FN:47,(anonymous_12)
FN:60,(anonymous_14)
FN:90,(anonymous_16)
FNF:6
FNH:6
FNDA:3,(anonymous_7)
FNDA:6,(anonymous_8)
FNDA:4,(anonymous_10)
FNDA:1,(anonymous_12)
FNDA:1,(anonymous_14)
FNDA:1,(anonymous_16)
DA:8,3
DA:12,6
DA:13,6
DA:15,6
DA:16,0
DA:17,0
DA:20,6
DA:21,6
DA:24,0
DA:25,0
DA:31,4
DA:32,4
DA:34,4
DA:35,4
DA:36,2
DA:38,2
DA:41,0
DA:42,0
DA:48,1
DA:49,1
DA:51,1
DA:52,1
DA:54,0
DA:55,0
DA:61,1
DA:62,1
DA:64,1
DA:66,1
DA:73,1
DA:75,0
DA:76,1
DA:78,0
DA:81,1
DA:84,0
DA:85,0
DA:91,1
DA:92,1
DA:94,1
DA:95,1
DA:97,0
DA:98,0
DA:104,1
LF:42
LH:28
BRDA:15,0,0,0
BRDA:15,0,1,6
BRDA:35,1,0,2
BRDA:35,1,1,2
BRDA:73,2,0,0
BRDA:73,2,1,1
BRDA:76,3,0,0
BRDA:76,3,1,1
BRF:8
BRH:5
end_of_record
TN:
SF:src\controllers\item_controller.ts
FNF:0
FNH:0
DA:2,1
DA:3,1
DA:6,1
DA:9,1
LF:4
LH:4
BRF:0
BRH:0
end_of_record
TN:
SF:src\controllers\post_controller.ts
FN:10,(anonymous_8)
FN:14,(anonymous_9)
FNF:2
FNH:1
FNDA:1,(anonymous_8)
FNDA:0,(anonymous_9)
DA:2,1
DA:3,1
DA:11,1
DA:15,0
DA:16,0
DA:21,1
LF:6
LH:4
BRF:0
BRH:0
end_of_record
TN:
SF:src\controllers\student_controller.ts
FNF:0
FNH:0
DA:2,1
DA:3,1
DA:6,1
DA:9,1
LF:4
LH:4
BRF:0
BRH:0
end_of_record
TN:
SF:src\models\item_model.ts
FNF:0
FNH:0
DA:1,1
DA:8,1
DA:20,1
LF:3
LH:3
BRF:0
BRH:0
end_of_record
TN:
SF:src\models\post_model.ts
FNF:0
FNH:0
DA:1,1
DA:9,1
DA:25,1
LF:3
LH:3
BRF:0
BRH:0
end_of_record
TN:
SF:src\models\student_model.ts
FNF:0
FNH:0
DA:1,1
DA:10,1
DA:25,1
LF:3
LH:3
BRF:0
BRH:0
end_of_record
TN:
SF:src\models\user_model.ts
FNF:0
FNH:0
DA:1,1
DA:9,1
DA:23,1
LF:3
LH:3
BRF:0
BRH:0
end_of_record
TN:
SF:src\routes\auth_route.ts
FNF:0
FNH:0
DA:1,1
DA:2,1
DA:3,1
DA:79,1
DA:102,1
DA:118,1
DA:137,1
DA:139,1
LF:8
LH:8
BRF:0
BRH:0
end_of_record
TN:
SF:src\routes\item_route.ts
FNF:0
FNH:0
DA:1,1
DA:2,1
DA:3,1
DA:4,1
DA:58,1
DA:88,1
DA:114,1
DA:146,1
DA:172,1
DA:174,1
LF:10
LH:10
BRF:0
BRH:0
end_of_record
TN:
SF:src\routes\post_route.ts
FNF:0
FNH:0
DA:1,1
DA:2,1
DA:3,1
DA:4,1
DA:60,1
DA:89,1
DA:115,1
DA:146,1
DA:171,1
DA:173,1
LF:10
LH:10
BRF:0
BRH:0
end_of_record
TN:
SF:src\routes\student_route.ts
FNF:0
FNH:0
DA:1,1
DA:2,1
DA:3,1
DA:4,1
DA:59,1
DA:85,1
DA:110,1
DA:148,1
DA:175,1
DA:178,1
LF:10
LH:10
BRF:0
BRH:0
end_of_record
