TN:
SF:src\Server.ts
FN:13,(anonymous_1)
FN:14,(anonymous_2)
FN:16,(anonymous_3)
FN:17,(anonymous_4)
FN:18,(anonymous_5)
FNF:5
FNH:4
FNDA:4,(anonymous_1)
FNDA:4,(anonymous_2)
FNDA:0,(anonymous_3)
FNDA:4,(anonymous_4)
FNDA:4,(anonymous_5)
DA:1,4
DA:2,4
DA:3,4
DA:4,4
DA:5,4
DA:6,4
DA:7,4
DA:8,4
DA:9,4
DA:10,4
DA:13,4
DA:14,4
DA:15,4
DA:16,4
DA:17,4
DA:18,4
DA:19,4
DA:20,4
DA:21,4
DA:22,4
DA:23,4
DA:24,4
DA:25,4
DA:29,4
DA:32,4
LF:25
LH:25
BRF:0
BRH:0
end_of_record
TN:
SF:src\common\auth_middleware.ts
FN:4,(anonymous_8)
FN:4,(anonymous_9)
FN:14,(anonymous_10)
FNF:3
FNH:3
FNDA:9,(anonymous_8)
FNDA:9,(anonymous_9)
FNDA:9,(anonymous_10)
DA:2,4
DA:4,9
DA:5,9
DA:7,9
DA:8,9
DA:10,9
DA:11,0
DA:14,9
DA:15,9
DA:16,1
DA:18,8
DA:19,8
DA:23,4
LF:13
LH:12
BRDA:8,0,0,9
BRDA:8,0,1,9
BRDA:10,1,0,0
BRDA:15,2,0,1
BRF:4
BRH:3
end_of_record
TN:
SF:src\controllers\auth_controller.ts
FN:6,(anonymous_8)
FN:6,(anonymous_9)
FN:35,(anonymous_10)
FN:35,(anonymous_11)
FN:72,(anonymous_12)
FNF:5
FNH:4
FNDA:2,(anonymous_8)
FNDA:2,(anonymous_9)
FNDA:2,(anonymous_10)
FNDA:2,(anonymous_11)
FNDA:0,(anonymous_12)
DA:2,4
DA:3,4
DA:4,4
DA:6,4
DA:7,2
DA:8,2
DA:9,2
DA:11,2
DA:12,0
DA:15,2
DA:16,2
DA:17,2
DA:18,0
DA:20,2
DA:21,2
DA:23,2
DA:28,2
DA:30,0
DA:31,0
DA:35,4
DA:36,2
DA:38,2
DA:39,2
DA:41,2
DA:42,0
DA:45,2
DA:46,2
DA:48,2
DA:49,0
DA:52,2
DA:53,2
DA:54,0
DA:57,2
DA:63,2
DA:67,0
DA:68,0
DA:72,4
DA:73,0
DA:77,4
LF:39
LH:29
BRDA:11,0,0,0
BRDA:11,1,0,2
BRDA:11,1,1,2
BRDA:17,2,0,0
BRDA:41,3,0,0
BRDA:41,4,0,2
BRDA:41,4,1,2
BRDA:48,5,0,0
BRDA:53,6,0,0
BRF:9
BRH:4
end_of_record
TN:
SF:src\controllers\base_controller.ts
FN:7,(anonymous_7)
FN:11,(anonymous_8)
FN:30,(anonymous_10)
FN:47,(anonymous_12)
FN:60,(anonymous_14)
FN:90,(anonymous_16)
FNF:6
FNH:5
FNDA:12,(anonymous_7)
FNDA:5,(anonymous_8)
FNDA:3,(anonymous_10)
FNDA:1,(anonymous_12)
FNDA:0,(anonymous_14)
FNDA:1,(anonymous_16)
DA:8,12
DA:12,5
DA:13,5
DA:15,5
DA:16,0
DA:17,0
DA:20,5
DA:21,5
DA:24,0
DA:25,0
DA:31,3
DA:32,3
DA:34,3
DA:35,3
DA:36,2
DA:38,1
DA:41,0
DA:42,0
DA:48,1
DA:49,1
DA:51,1
DA:52,1
DA:54,0
DA:55,0
DA:61,0
DA:62,0
DA:64,0
DA:66,0
DA:73,0
DA:75,0
DA:76,0
DA:78,0
DA:81,0
DA:84,0
DA:85,0
DA:91,1
DA:92,1
DA:94,1
DA:95,1
DA:97,0
DA:98,0
DA:104,4
LF:42
LH:21
BRDA:15,0,0,0
BRDA:15,0,1,5
BRDA:35,1,0,2
BRDA:35,1,1,1
BRDA:73,2,0,0
BRDA:73,2,1,0
BRDA:76,3,0,0
BRDA:76,3,1,0
BRF:8
BRH:3
end_of_record
TN:
SF:src\controllers\item_controller.ts
FNF:0
FNH:0
DA:2,4
DA:3,4
DA:6,4
DA:9,4
LF:4
LH:4
BRF:0
BRH:0
end_of_record
TN:
SF:src\controllers\post_controller.ts
FNF:0
FNH:0
DA:2,4
DA:3,4
DA:6,4
DA:9,4
LF:4
LH:4
BRF:0
BRH:0
end_of_record
TN:
SF:src\controllers\student_controller.ts
FNF:0
FNH:0
DA:2,4
DA:3,4
DA:6,4
DA:9,4
LF:4
LH:4
BRF:0
BRH:0
end_of_record
TN:
SF:src\models\item_model.ts
FNF:0
FNH:0
DA:1,4
DA:8,4
DA:20,4
LF:3
LH:3
BRF:0
BRH:0
end_of_record
TN:
SF:src\models\post_model.ts
FNF:0
FNH:0
DA:1,4
DA:9,4
DA:25,4
LF:3
LH:3
BRF:0
BRH:0
end_of_record
TN:
SF:src\models\student_model.ts
FNF:0
FNH:0
DA:1,4
DA:10,4
DA:25,4
LF:3
LH:3
BRF:0
BRH:0
end_of_record
TN:
SF:src\models\user_model.ts
FNF:0
FNH:0
DA:1,4
DA:8,4
DA:19,4
LF:3
LH:3
BRF:0
BRH:0
end_of_record
TN:
SF:src\routes\auth_route.ts
FNF:0
FNH:0
DA:1,4
DA:2,4
DA:3,4
DA:6,4
DA:8,4
DA:10,4
DA:12,4
LF:7
LH:7
BRF:0
BRH:0
end_of_record
TN:
SF:src\routes\item_route.ts
FNF:0
FNH:0
DA:1,4
DA:2,4
DA:3,4
DA:5,4
DA:7,4
DA:9,4
DA:11,4
DA:13,4
DA:15,4
LF:9
LH:9
BRF:0
BRH:0
end_of_record
TN:
SF:src\routes\post_route.ts
FNF:0
FNH:0
DA:1,4
DA:2,4
DA:3,4
DA:5,4
DA:7,4
DA:9,4
DA:11,4
DA:13,4
DA:15,4
LF:9
LH:9
BRF:0
BRH:0
end_of_record
TN:
SF:src\routes\student_route.ts
FNF:0
FNH:0
DA:1,4
DA:2,4
DA:3,4
DA:4,4
DA:6,4
DA:8,4
DA:10,4
DA:12,4
DA:14,4
DA:17,4
LF:10
LH:10
BRF:0
BRH:0
end_of_record
